
******************************************************************************
This program contains Ipopt, a library for large-scale nonlinear optimization.
 Ipopt is released as open source code under the Eclipse Public License (EPL).
         For more information visit https://github.com/coin-or/Ipopt
******************************************************************************

This is Ipopt version 3.14.14, running with linear solver MUMPS 5.6.2.

Number of nonzeros in equality constraint Jacobian...:    69960
Number of nonzeros in inequality constraint Jacobian.:    36156
Number of nonzeros in Lagrangian Hessian.............:    20908

Total number of variables............................:    25466
                     variables with only lower bounds:     4624
                variables with lower and upper bounds:    20842
                     variables with only upper bounds:        0
Total number of equality constraints.................:    16676
Total number of inequality constraints...............:    15065
        inequality constraints with only lower bounds:        0
   inequality constraints with lower and upper bounds:        0
        inequality constraints with only upper bounds:    15065

iter    objective    inf_pr   inf_du lg(mu)  ||d||  lg(rg) alpha_du alpha_pr  ls
   0 -4.6239954e+01 1.93e+01 2.15e+00   0.0 0.00e+00    -  0.00e+00 0.00e+00   0
   1 -9.3425104e+01 1.91e+01 2.18e+00   0.0 7.88e+00    -  7.93e-03 1.38e-02f  1
   2 -2.0890399e+02 1.84e+01 3.94e+01   0.0 1.53e+01    -  4.63e-03 3.51e-02f  1
   3 -3.1496877e+02 1.77e+01 3.92e+01   0.0 1.93e+01    -  3.10e-02 3.70e-02f  1
   4 -5.2784390e+02 1.62e+01 8.44e+01   0.0 1.63e+01    -  1.48e-01 8.74e-02f  1
   5 -7.3999309e+02 1.42e+01 1.48e+02   0.0 2.10e+01    -  2.46e-01 1.23e-01f  1
   6 -9.5196890e+02 1.17e+01 4.59e+02   0.0 2.41e+01    -  3.88e-01 1.73e-01f  1
   7 -1.1072036e+03 9.73e+00 3.32e+02   0.0 3.70e+01    -  1.20e-01 1.71e-01h  1
   8 -1.2000577e+03 8.39e+00 2.99e+02   0.0 5.11e+01    -  1.52e-01 1.38e-01h  1
   9 -1.2823100e+03 7.09e+00 5.76e+03   0.0 7.73e+01    -  5.15e-01 1.54e-01h  1
iter    objective    inf_pr   inf_du lg(mu)  ||d||  lg(rg) alpha_du alpha_pr  ls
  10 -1.3390014e+03 5.44e+00 9.60e+03   0.0 6.98e+01    -  9.19e-01 2.33e-01h  1
  11 -1.2916239e+03 4.16e+00 8.29e+03   0.0 8.59e+01    -  5.77e-01 2.36e-01h  1
  12 -1.2249821e+03 3.30e+00 1.23e+04   0.0 9.37e+01    -  7.77e-01 2.07e-01h  1
  13 -1.0781561e+03 2.48e+00 1.96e+04   0.0 8.67e+01    -  9.92e-01 2.50e-01h  1
  14 -9.0339949e+02 1.85e+00 2.05e+04   0.0 9.88e+01    -  6.74e-01 2.53e-01H  1
  15 -7.4001238e+02 1.30e+00 1.81e+04   0.0 1.24e+02    -  4.05e-01 2.95e-01H  1
  16 -5.9694788e+02 8.45e-01 1.20e+04   0.0 1.52e+02    -  3.58e-01 3.52e-01h  1
  17 -5.3122527e+02 6.31e-01 3.41e+04   0.0 1.67e+02    -  6.72e-01 2.54e-01h  1
  18 -4.9170017e+02 5.00e-01 3.12e+04   0.0 1.38e+02    -  2.88e-01 2.07e-01h  1
  19 -4.3610329e+02 3.17e-01 4.32e+04   0.0 1.13e+02    -  2.23e-01 3.65e-01h  1
iter    objective    inf_pr   inf_du lg(mu)  ||d||  lg(rg) alpha_du alpha_pr  ls
  20 -4.1673320e+02 2.55e-01 4.58e+04   0.0 7.02e+01    -  4.34e-01 1.96e-01h  1
  21 -3.8639218e+02 1.59e-01 4.98e+04   0.0 4.93e+01    -  6.64e-01 3.75e-01h  1
  22 -3.7422637e+02 1.21e-01 9.44e+04   0.0 2.68e+01    -  5.20e-01 2.44e-01h  1
  23 -3.5667576e+02 6.26e-02 2.26e+05   0.0 2.07e+01    -  1.00e+00 4.81e-01h  1
  24 -3.3849390e+02 1.03e-06 7.23e+04   0.0 1.35e+01    -  1.00e+00 1.00e+00h  1
  25 -3.3865979e+02 1.82e-12 7.88e+03   0.0 2.75e+00    -  1.00e+00 1.00e+00h  1
  26 -3.3865479e+02 2.73e-12 1.02e+02   0.0 7.43e-02    -  1.00e+00 1.00e+00f  1
  27 -3.5730277e+02 1.82e-12 1.32e+04  -0.7 4.70e+00    -  9.87e-01 1.00e+00f  1
  28 -3.8397656e+02 1.82e-12 2.43e+00  -0.7 2.08e+01    -  1.00e+00 1.00e+00f  1
  29 -4.0976178e+02 1.82e-12 8.21e+04  -1.4 2.87e+01    -  6.08e-01 1.00e+00f  1
iter    objective    inf_pr   inf_du lg(mu)  ||d||  lg(rg) alpha_du alpha_pr  ls
  30 -4.3566057e+02 2.33e-04 9.77e+03  -1.4 8.11e+01    -  8.82e-01 1.00e+00f  1
  31 -4.5395879e+02 1.82e-12 8.07e+00  -1.4 2.81e+01    -  1.00e+00 1.00e+00h  1
  32 -4.5448426e+02 1.82e-12 1.33e-01  -1.4 8.05e+00    -  1.00e+00 1.00e+00h  1
  33 -4.9615141e+02 8.57e-04 1.76e+04  -2.1 7.95e+01    -  5.77e-01 1.00e+00f  1
  34 -5.1860764e+02 2.70e-04 5.29e+03  -2.1 4.56e+01    -  6.78e-01 1.00e+00f  1
  35 -5.2549940e+02 1.82e-12 6.09e+02  -2.1 4.82e+00    -  8.68e-01 1.00e+00h  1
  36 -5.2675351e+02 2.73e-12 5.02e-01  -2.1 7.72e-01    -  1.00e+00 1.00e+00h  1
  37 -5.2676941e+02 1.82e-12 3.32e-02  -2.1 1.36e-01    -  1.00e+00 1.00e+00h  1
  38 -5.4957401e+02 1.63e-03 3.34e+03  -3.1 3.55e+01    -  3.22e-01 7.47e-01f  1
  39 -5.5830167e+02 1.40e-03 2.54e+03  -3.1 9.55e+00    -  3.40e-01 6.28e-01f  1
iter    objective    inf_pr   inf_du lg(mu)  ||d||  lg(rg) alpha_du alpha_pr  ls
  40 -5.6201249e+02 9.15e-04 1.90e+03  -3.1 5.99e+00    -  2.71e-01 4.56e-01h  1
  41 -5.6522879e+02 4.94e-04 1.57e+03  -3.1 3.62e+00    -  2.02e-01 5.86e-01h  1
  42 -5.6607380e+02 3.52e-04 9.68e+02  -3.1 2.09e+00    -  3.77e-01 2.73e-01h  1
  43 -5.6781039e+02 1.26e-04 5.92e+02  -3.1 2.35e+00    -  4.12e-01 6.48e-01h  1
  44 -5.6904752e+02 2.73e-12 3.07e+02  -3.1 1.16e+00    -  5.39e-01 1.00e+00h  1
  45 -5.6923120e+02 1.82e-12 2.62e-01  -3.1 4.26e-01    -  1.00e+00 1.00e+00h  1
  46 -5.6925045e+02 1.82e-12 8.40e-03  -3.1 1.63e-01    -  1.00e+00 1.00e+00h  1
  47 -5.6924972e+02 2.73e-12 2.71e-06  -3.1 2.70e-02    -  1.00e+00 1.00e+00h  1
  48 -5.7107640e+02 2.73e-12 2.79e+01  -4.7 4.07e+00    -  2.60e-01 3.03e-01f  1
  49 -5.7185028e+02 2.73e-12 7.09e+00  -4.7 2.79e+00    -  2.37e-01 1.78e-01f  1
iter    objective    inf_pr   inf_du lg(mu)  ||d||  lg(rg) alpha_du alpha_pr  ls
  50 -5.7283070e+02 7.77e-06 2.88e+01  -4.7 2.36e+00    -  1.82e-01 2.66e-01f  1
  51 -5.7321072e+02 7.96e-06 7.27e+00  -4.7 1.80e+00    -  2.04e-01 1.40e-01h  1
  52 -5.7381861e+02 9.31e-06 2.67e+01  -4.7 1.59e+00    -  1.70e-01 2.57e-01h  1
  53 -5.7423280e+02 8.49e-06 2.77e+01  -4.7 1.20e+00    -  2.07e-01 2.38e-01h  1
  54 -5.7457565e+02 7.63e-06 1.93e+01  -4.7 9.06e-01    -  2.61e-01 2.55e-01h  1
  55 -5.7470294e+02 6.84e-06 4.93e+00  -4.7 6.87e-01    -  2.72e-01 1.26e-01h  1
  56 -5.7497651e+02 6.19e-06 7.83e+00  -4.7 6.82e-01    -  3.44e-01 3.05e-01h  1
  57 -5.7509214e+02 5.19e-06 1.91e+01  -4.7 5.77e-01    -  3.58e-01 1.86e-01h  1
  58 -5.7525440e+02 4.03e-06 9.06e+00  -4.7 5.24e-01    -  2.38e-01 3.22e-01h  1
  59 -5.7535055e+02 2.87e-06 7.57e+00  -4.7 3.80e-01    -  3.22e-01 2.88e-01h  1
iter    objective    inf_pr   inf_du lg(mu)  ||d||  lg(rg) alpha_du alpha_pr  ls
  60 -5.7541776e+02 1.87e-06 6.58e+00  -4.7 2.88e-01    -  3.47e-01 2.89e-01h  1
  61 -5.7548587e+02 7.79e-07 4.16e+00  -4.7 2.14e-01    -  4.43e-01 4.17e-01h  1
  62 -5.7555961e+02 1.82e-12 7.63e-01  -4.7 1.30e-01    -  6.88e-01 7.91e-01h  1
  63 -5.7557769e+02 2.73e-12 3.48e-03  -4.7 3.58e-02    -  1.00e+00 1.00e+00h  1
  64 -5.7557775e+02 1.82e-12 1.49e-04  -4.7 8.60e-03    -  1.00e+00 1.00e+00h  1
  65 -5.7562689e+02 1.82e-12 6.52e-01  -7.0 2.36e-01    -  3.17e-01 2.94e-01f  1
  66 -5.7565172e+02 2.73e-12 1.59e+00  -7.0 2.01e-01    -  2.77e-01 2.14e-01h  1
  67 -5.7567381e+02 1.82e-12 1.29e+00  -7.0 1.68e-01    -  2.52e-01 2.45e-01h  1
  68 -5.7568586e+02 2.73e-12 3.34e+00  -7.0 1.35e-01    -  2.70e-01 1.80e-01h  1
  69 -5.7570231e+02 7.70e-09 8.45e-01  -7.0 1.28e-01    -  2.26e-01 3.03e-01h  1
iter    objective    inf_pr   inf_du lg(mu)  ||d||  lg(rg) alpha_du alpha_pr  ls
  70 -5.7571360e+02 3.74e-08 5.66e-01  -7.0 1.15e-01    -  2.76e-01 3.01e-01h  1
  71 -5.7571989e+02 4.12e-08 2.21e+00  -7.0 1.00e-01    -  4.57e-01 2.42e-01h  1
  72 -5.7572944e+02 6.18e-08 9.99e-01  -7.0 8.94e-02    -  3.77e-01 4.88e-01h  1
  73 -5.7573354e+02 4.60e-08 5.81e-01  -7.0 7.04e-02    -  4.66e-01 4.18e-01h  1
  74 -5.7573634e+02 2.83e-08 4.05e-01  -7.0 5.89e-02    -  6.81e-01 4.96e-01h  1
  75 -5.7573853e+02 8.62e-09 1.18e-01  -7.0 4.18e-02    -  8.19e-01 7.73e-01f  1
  76 -5.7573915e+02 2.73e-12 3.27e-05  -7.0 1.57e-02    -  1.00e+00 1.00e+00f  1
  77 -5.7573915e+02 2.73e-12 5.65e-07  -7.0 3.02e-03    -  1.00e+00 1.00e+00h  1

Number of Iterations....: 77

                                   (scaled)                 (unscaled)
Objective...............:  -5.7573914980803329e+02   -5.7573914980803329e+02
Dual infeasibility......:   5.6452798811328954e-07    5.6452798811328954e-07
Constraint violation....:   6.0656964683115383e-14    2.7284841053187847e-12
Variable bound violation:   1.0826780894035437e-07    1.0826780894035437e-07
Complementarity.........:   1.0105779882731169e-07    1.0105779882731169e-07
Overall NLP error.......:   5.6452798811328954e-07    5.6452798811328954e-07


Number of objective function evaluations             = 80
Number of objective gradient evaluations             = 78
Number of equality constraint evaluations            = 80
Number of inequality constraint evaluations          = 80
Number of equality constraint Jacobian evaluations   = 78
Number of inequality constraint Jacobian evaluations = 78
Number of Lagrangian Hessian evaluations             = 77
Total seconds in IPOPT                               = 7.585

EXIT: Optimal Solution Found.
This is Ipopt version 3.14.14, running with linear solver MUMPS 5.6.2.

Number of nonzeros in equality constraint Jacobian...:    69960
Number of nonzeros in inequality constraint Jacobian.:    36156
Number of nonzeros in Lagrangian Hessian.............:    20908

Total number of variables............................:    25466
                     variables with only lower bounds:     4624
                variables with lower and upper bounds:    20842
                     variables with only upper bounds:        0
Total number of equality constraints.................:    16676
Total number of inequality constraints...............:    15065
        inequality constraints with only lower bounds:        0
   inequality constraints with lower and upper bounds:        0
        inequality constraints with only upper bounds:    15065

iter    objective    inf_pr   inf_du lg(mu)  ||d||  lg(rg) alpha_du alpha_pr  ls
   0 -4.6239954e+01 1.93e+01 2.25e+00   0.0 0.00e+00    -  0.00e+00 0.00e+00   0
   1 -2.0236896e+02 1.85e+01 2.27e+00   0.0 1.43e+01    -  3.57e-02 4.13e-02f  1
   2 -1.1999971e+03 1.45e+01 2.56e+01   0.0 6.21e+00    -  3.79e-02 2.17e-01f  1
   3 -2.3788410e+03 9.83e+00 5.03e+01   0.0 9.09e+00    -  1.01e-01 3.22e-01f  1
   4 -3.6625495e+03 6.15e+00 5.55e+01   0.0 8.80e+00    -  2.43e-01 3.75e-01f  1
   5 -7.2119122e+03 1.33e-01 2.18e+02   0.0 1.86e+01    -  2.79e-01 9.78e-01f  1
   6 -1.0019580e+04 2.99e-02 4.28e+03   0.0 4.88e+01    -  3.08e-01 7.75e-01f  1
   7 -1.1451565e+04 1.82e-12 5.87e+03   0.0 2.06e+02    -  4.34e-01 1.00e+00f  1
   8 -1.2397171e+04 1.82e-12 8.13e+00   0.0 1.93e+02    -  1.00e+00 1.00e+00f  1
   9 -1.3804736e+04 1.82e-12 3.65e-01   0.0 4.91e+02    -  1.00e+00 1.00e+00f  1
iter    objective    inf_pr   inf_du lg(mu)  ||d||  lg(rg) alpha_du alpha_pr  ls
  10 -1.4088632e+04 1.82e-12 5.89e-01   0.0 7.11e+02    -  1.00e+00 9.47e-01f  1
  11 -1.4080014e+04 2.73e-12 1.45e+01   0.0 2.39e+02    -  3.87e-01 1.00e+00h  1
  12 -1.4086086e+04 1.82e-12 1.26e-01   0.0 2.04e+02    -  1.00e+00 1.00e+00h  1
  13 -1.4085378e+04 1.82e-12 9.22e-03   0.0 3.31e+00    -  1.00e+00 1.00e+00h  1
  14 -1.6250954e+04 1.34e+00 6.28e+03  -1.4 1.09e+02    -  5.79e-01 1.00e+00f  1
  15 -1.7779107e+04 6.58e-02 2.10e+03  -1.4 1.88e+01    -  6.65e-01 9.61e-01f  1
  16 -1.8358492e+04 3.89e-02 3.23e+02  -1.4 4.72e+00    -  8.33e-01 8.73e-01f  1
  17 -1.8582716e+04 2.73e-12 4.73e+00  -1.4 4.16e+00    -  1.00e+00 1.00e+00f  1
  18 -1.8587654e+04 2.73e-12 7.56e-02  -1.4 7.69e+00    -  1.00e+00 1.00e+00h  1
  19 -1.8844084e+04 2.69e-03 3.26e+00  -3.1 9.26e+00    -  6.56e-01 6.46e-01f  1
iter    objective    inf_pr   inf_du lg(mu)  ||d||  lg(rg) alpha_du alpha_pr  ls
  20 -1.8921167e+04 8.39e-04 6.66e+00  -3.1 1.21e+01    -  4.26e-01 5.39e-01f  1
  21 -1.8945728e+04 1.56e-03 3.37e-01  -3.1 5.79e+00    -  5.10e-01 4.06e-01f  1
  22 -1.8970872e+04 4.94e-03 5.77e+00  -3.1 2.88e+00    -  4.13e-01 7.42e-01f  1
  23 -1.8977800e+04 4.53e-05 3.42e+00  -3.1 2.63e+00    -  6.31e-01 9.41e-01f  1
  24 -1.8978072e+04 1.82e-12 1.03e+00  -3.1 3.19e+00    -  7.16e-01 1.00e+00h  1
  25 -1.8978102e+04 6.82e-03 1.70e-01  -3.1 1.85e+00    -  1.00e+00 6.46e-01h  1
  26 -1.8978101e+04 2.73e-12 1.06e-03  -3.1 5.60e-01    -  1.00e+00 1.00e+00f  1
  27 -1.8980294e+04 7.74e-04 1.23e+00  -4.7 1.53e+00    -  6.67e-01 3.66e-01f  1
  28 -1.8982651e+04 8.37e-06 3.90e-01  -4.7 8.15e-01    -  5.99e-01 6.40e-01f  1
  29 -1.8983523e+04 1.48e-07 1.42e-01  -4.7 2.83e-01    -  7.41e-01 6.97e-01f  1
iter    objective    inf_pr   inf_du lg(mu)  ||d||  lg(rg) alpha_du alpha_pr  ls
  30 -1.8983844e+04 2.79e-05 1.70e-01  -4.7 7.76e-02    -  7.92e-01 9.49e-01f  1
  31 -1.8983848e+04 2.73e-12 2.49e-04  -4.7 7.27e-03    -  1.00e+00 1.00e+00f  1
  32 -1.8983848e+04 2.73e-12 1.04e-05  -4.7 2.10e-03    -  1.00e+00 1.00e+00h  1
  33 -1.8983942e+04 1.51e-06 5.86e-02  -7.0 3.09e-02    -  8.51e-01 6.91e-01f  1
  34 -1.8983967e+04 2.87e-06 1.29e-01  -7.0 2.50e-02    -  8.19e-01 6.62e-01f  1
  35 -1.8983976e+04 1.83e-06 1.72e-01  -7.0 3.66e-02    -  9.55e-01 7.11e-01h  1
  36 -1.8983979e+04 3.67e-07 7.35e-02  -7.0 9.75e-02    -  1.00e+00 7.93e-01h  1
  37 -1.8983979e+04 2.73e-12 1.92e-05  -7.0 1.84e-02    -  1.00e+00 1.00e+00h  1
  38 -1.8983979e+04 1.82e-12 5.98e-06  -7.0 3.20e-03    -  1.00e+00 1.00e+00h  1
  39 -1.8983979e+04 2.73e-12 4.25e-08  -7.0 3.80e-05    -  1.00e+00 1.00e+00h  1

Number of Iterations....: 39

                                   (scaled)                 (unscaled)
Objective...............:  -1.8983979350810201e+04   -1.8983979350810201e+04
Dual infeasibility......:   4.2460846336999677e-08    4.2460846336999677e-08
Constraint violation....:   5.9136213904362758e-14    2.7284841053187847e-12
Variable bound violation:   0.0000000000000000e+00    0.0000000000000000e+00
Complementarity.........:   9.1021079764816634e-08    9.1021079764816634e-08
Overall NLP error.......:   9.1021079764816634e-08    9.1021079764816634e-08


Number of objective function evaluations             = 40
Number of objective gradient evaluations             = 40
Number of equality constraint evaluations            = 40
Number of inequality constraint evaluations          = 40
Number of equality constraint Jacobian evaluations   = 40
Number of inequality constraint Jacobian evaluations = 40
Number of Lagrangian Hessian evaluations             = 39
Total seconds in IPOPT                               = 4.007

EXIT: Optimal Solution Found.

--------
Solving pglib_opf_case2312_goc.
--------

This is Ipopt version 3.14.14, running with linear solver MUMPS 5.6.2.

Number of nonzeros in equality constraint Jacobian...:    65336
Number of nonzeros in inequality constraint Jacobian.:    36156
Number of nonzeros in Lagrangian Hessian.............:    20950

Total number of variables............................:    20842
                     variables with only lower bounds:        0
                variables with lower and upper bounds:    20842
                     variables with only upper bounds:        0
Total number of equality constraints.................:    16676
Total number of inequality constraints...............:    15065
        inequality constraints with only lower bounds:        0
   inequality constraints with lower and upper bounds:    15065
        inequality constraints with only upper bounds:        0

iter    objective    inf_pr   inf_du lg(mu)  ||d||  lg(rg) alpha_du alpha_pr  ls
   0  4.0845553e+05 1.93e+01 2.95e+01  -1.0 0.00e+00    -  0.00e+00 0.00e+00   0
   1  4.0857949e+05 1.90e+01 2.90e+01  -1.0 1.86e+01    -  2.39e-02 1.76e-02f  1
   2  4.0897499e+05 1.86e+01 2.93e+01  -1.0 1.44e+01    -  4.83e-03 1.97e-02f  1
   3  4.1045080e+05 1.73e+01 3.27e+01  -1.0 1.25e+01    -  1.09e-02 7.00e-02h  1
   4  4.1151327e+05 1.64e+01 3.27e+01  -1.0 2.64e+01    -  3.42e-02 5.22e-02h  1
   5  4.1417631e+05 1.43e+01 3.55e+01  -1.0 3.62e+01    -  5.04e-02 1.28e-01h  1
   6  4.1738814e+05 1.21e+01 6.73e+01  -1.0 5.35e+01    -  5.76e-02 1.54e-01h  1
   7  4.2012580e+05 1.04e+01 4.37e+01  -1.0 6.45e+01    -  1.78e-01 1.39e-01h  1
   8  4.2285808e+05 8.86e+00 5.13e+01  -1.0 7.16e+01    -  3.02e-01 1.49e-01h  1
   9  4.2493491e+05 7.76e+00 3.17e+02  -1.0 7.59e+01    -  4.47e-01 1.25e-01h  1
iter    objective    inf_pr   inf_du lg(mu)  ||d||  lg(rg) alpha_du alpha_pr  ls
  10  4.2676222e+05 6.81e+00 4.23e+02  -1.0 7.84e+01    -  5.27e-01 1.22e-01h  1
  11  4.3033862e+05 5.01e+00 8.84e+02  -1.0 8.78e+01    -  6.10e-01 2.64e-01H  1
  12  4.3357394e+05 3.48e+00 5.66e+02  -1.0 1.05e+02    -  5.70e-01 3.05e-01H  1
  13  4.3496719e+05 2.88e+00 9.30e+02  -1.0 1.18e+02    -  6.81e-01 1.74e-01h  1
  14  4.3716171e+05 1.97e+00 1.28e+03  -1.0 1.32e+02    -  8.29e-01 3.15e-01H  1
  15  4.3828320e+05 1.54e+00 1.33e+03  -1.0 1.48e+02    -  6.48e-01 2.19e-01h  1
  16  4.3965586e+05 1.09e+00 2.01e+03  -1.0 1.56e+02    -  4.31e-01 2.90e-01H  1
  17  4.4102665e+05 7.29e-01 1.97e+03  -1.0 1.53e+02    -  5.19e-01 3.33e-01h  1
  18  4.4227469e+05 4.78e-01 2.06e+03  -1.0 1.30e+02    -  5.75e-01 3.44e-01h  1
  19  4.4321097e+05 3.43e-01 1.53e+03  -1.0 9.10e+01    -  3.01e-01 2.83e-01h  1
iter    objective    inf_pr   inf_du lg(mu)  ||d||  lg(rg) alpha_du alpha_pr  ls
  20  4.4437374e+05 2.36e-01 9.53e+02  -1.0 6.26e+01    -  2.82e-01 3.11e-01h  1
  21  4.4549765e+05 1.36e-01 1.25e+03  -1.0 4.05e+01    -  5.10e-01 4.24e-01h  1
  22  4.4611123e+05 9.38e-02 3.78e+03  -1.0 1.92e+01    -  6.20e-01 3.11e-01h  1
  23  4.4653659e+05 6.90e-02 1.60e+04  -1.0 1.17e+01    -  7.48e-01 2.65e-01h  1
  24  4.4735661e+05 2.57e-02 1.46e+04  -1.0 8.52e+00    -  9.90e-01 6.28e-01h  1
  25  4.4791222e+05 1.82e-12 2.93e+03  -1.0 3.82e+00    -  9.99e-01 1.00e+00h  1
  26  4.4791163e+05 1.82e-12 2.71e+01  -1.0 3.51e-01    -  1.00e+00 1.00e+00h  1
  27  4.4791261e+05 2.73e-12 2.12e-02  -1.0 2.24e-03    -  1.00e+00 1.00e+00h  1
  28  4.4596601e+05 2.73e-12 4.22e+03  -2.5 3.58e+01    -  1.31e-01 1.86e-01f  1
  29  4.4389982e+05 1.82e-12 1.72e+03  -2.5 2.96e+01    -  2.20e-01 1.95e-01f  1
iter    objective    inf_pr   inf_du lg(mu)  ||d||  lg(rg) alpha_du alpha_pr  ls
  30  4.4249914e+05 1.82e-12 1.94e+03  -2.5 2.33e+01    -  2.31e-01 1.67e-01f  1
  31  4.4175810e+05 2.73e-12 1.01e+04  -2.5 2.62e+01    -  3.03e-01 9.90e-02f  1
  32  4.4115010e+05 2.73e-12 9.62e+03  -2.5 3.43e+01    -  1.60e-01 1.31e-01f  1
  33  4.4014227e+05 2.73e-12 6.14e+03  -2.5 4.13e+01    -  1.36e-01 2.01e-01f  1
  34  4.3914020e+05 2.73e-12 4.57e+03  -2.5 4.57e+01    -  2.22e-01 2.30e-01f  1
  35  4.3863734e+05 2.73e-12 3.65e+03  -2.5 4.71e+01    -  9.18e-02 1.16e-01f  1
  36  4.3817237e+05 2.73e-12 3.09e+03  -2.5 4.67e+01    -  1.60e-01 1.58e-01f  1
  37  4.3736866e+05 2.73e-12 3.57e+03  -2.5 5.52e+01    -  4.00e-01 2.94e-01f  1
  38  4.3700240e+05 1.82e-12 4.80e+03  -2.5 3.83e+01    -  3.81e-01 1.50e-01h  1
  39  4.3617035e+05 6.99e-01 2.25e+03  -2.5 2.97e+01    -  1.89e-01 3.62e-01f  1
iter    objective    inf_pr   inf_du lg(mu)  ||d||  lg(rg) alpha_du alpha_pr  ls
  40  4.3593754e+05 6.47e-01 3.43e+03  -2.5 2.21e+01    -  5.52e-01 1.50e-01h  1
  41  4.3552984e+05 6.76e-01 1.99e+03  -2.5 2.02e+01    -  3.77e-02 2.93e-01h  1
  42  4.3512011e+05 5.98e-01 1.52e+03  -2.5 1.81e+01    -  4.99e-01 3.55e-01h  1
  43  4.3483247e+05 4.26e-01 1.16e+03  -2.5 1.08e+01    -  6.06e-01 3.55e-01h  1
  44  4.3458057e+05 2.19e-01 6.48e+02  -2.5 8.95e+00    -  6.07e-01 4.71e-01h  1
  45  4.3430000e+05 1.82e-12 1.12e+01  -2.5 6.85e+00    -  9.00e-01 1.00e+00h  1
  46  4.3429237e+05 1.82e-12 2.37e-02  -2.5 9.07e-01    -  1.00e+00 1.00e+00h  1
  47  4.3402957e+05 2.73e-12 1.84e+01  -3.8 2.87e+01    -  2.37e-01 2.46e-01f  1
  48  4.3384289e+05 1.82e-12 8.50e+01  -3.8 1.89e+01    -  3.05e-01 2.33e-01f  1
  49  4.3372852e+05 2.38e-02 7.72e+01  -3.8 2.47e+01    -  1.86e-01 1.78e-01h  1
iter    objective    inf_pr   inf_du lg(mu)  ||d||  lg(rg) alpha_du alpha_pr  ls
  50  4.3358075e+05 6.94e-02 7.72e+01  -3.8 2.35e+01    -  2.94e-01 2.65e-01h  1
  51  4.3354145e+05 6.71e-02 1.18e+02  -3.8 1.61e+01    -  1.91e-01 8.75e-02h  1
  52  4.3341121e+05 9.52e-02 6.81e+01  -3.8 1.33e+01    -  2.81e-01 3.14e-01h  1
  53  4.3330221e+05 9.82e-02 3.48e+01  -3.8 1.13e+01    -  3.26e-01 3.66e-01h  1
  54  4.3319398e+05 8.29e-02 1.73e+01  -3.8 1.01e+01    -  4.03e-01 5.02e-01h  1
  55  4.3310449e+05 3.29e-02 6.37e+01  -3.8 7.01e+00    -  3.25e-01 7.17e-01h  1
  56  4.3306458e+05 6.57e-03 7.69e+01  -3.8 3.36e+00    -  2.63e-01 9.39e-01h  1
  57  4.3306020e+05 7.08e-06 5.93e+00  -3.8 2.16e+00    -  1.00e+00 8.40e-01h  1
  58  4.3305781e+05 2.73e-12 1.61e-02  -3.8 7.35e-01    -  1.00e+00 1.00e+00h  1
  59  4.3305751e+05 2.73e-12 7.23e-04  -3.8 2.83e-01    -  1.00e+00 1.00e+00h  1
iter    objective    inf_pr   inf_du lg(mu)  ||d||  lg(rg) alpha_du alpha_pr  ls
  60  4.3305742e+05 1.82e-12 7.24e-05  -3.8 9.31e-02    -  1.00e+00 1.00e+00h  1
  61  4.3303781e+05 2.73e-12 4.41e+01  -5.7 5.98e+00    -  4.38e-01 1.81e-01f  1
  62  4.3302497e+05 1.82e-12 4.64e+01  -5.7 6.06e+00    -  2.08e-01 1.39e-01h  1
  63  4.3301001e+05 8.92e-04 2.54e+01  -5.7 9.73e+00    -  6.65e-02 1.98e-01h  1
  64  4.3299651e+05 3.17e-03 1.73e+01  -5.7 1.10e+01    -  1.20e-01 2.28e-01h  1
  65  4.3299262e+05 3.09e-03 1.85e+01  -5.7 8.05e+00    -  1.95e-01 8.46e-02h  1
  66  4.3298607e+05 3.01e-03 1.25e+01  -5.7 3.61e+00    -  1.06e-01 1.55e-01h  1
  67  4.3297769e+05 3.05e-03 1.05e+01  -5.7 3.54e+00    -  1.73e-01 2.39e-01h  1
  68  4.3297612e+05 2.89e-03 1.75e+01  -5.7 3.35e+00    -  3.05e-01 6.13e-02h  1
  69  4.3297174e+05 2.68e-03 1.05e+01  -5.7 3.46e+00    -  8.25e-02 1.85e-01h  1
iter    objective    inf_pr   inf_du lg(mu)  ||d||  lg(rg) alpha_du alpha_pr  ls
  70  4.3296779e+05 2.34e-03 6.54e+00  -5.7 2.33e+00    -  1.57e-01 2.06e-01h  1
  71  4.3296496e+05 2.01e-03 1.35e+01  -5.7 1.79e+00    -  4.36e-01 1.90e-01h  1
  72  4.3296175e+05 1.58e-03 1.34e+01  -5.7 1.20e+00    -  4.56e-01 2.75e-01h  1
  73  4.3295799e+05 2.28e-03 6.89e+00  -5.7 6.63e-01    -  4.61e-01 4.74e-01h  1
  74  4.3295685e+05 1.89e-03 9.18e+00  -5.7 4.68e-01    -  8.47e-01 3.02e-01h  1
  75  4.3295642e+05 1.47e-03 7.69e+00  -5.7 5.80e-01    -  6.63e-01 1.73e-01h  1
  76  4.3295438e+05 1.25e-03 9.05e-02  -5.7 5.90e-01    -  1.00e+00 1.00e+00h  1
  77  4.3295444e+05 1.82e-12 4.96e-05  -5.7 3.75e-02    -  1.00e+00 1.00e+00h  1
  78  4.3295444e+05 2.73e-12 8.67e-07  -5.7 3.01e-03    -  1.00e+00 1.00e+00h  1
  79  4.3295392e+05 5.03e-05 1.18e+00  -7.2 2.79e-01    -  8.67e-01 5.53e-01f  1
iter    objective    inf_pr   inf_du lg(mu)  ||d||  lg(rg) alpha_du alpha_pr  ls
  80  4.3295365e+05 6.13e-05 4.04e-01  -7.2 2.25e-01    -  7.35e-01 6.82e-01h  1
  81  4.3295355e+05 1.73e-05 6.15e-01  -7.2 2.92e-01    -  1.00e+00 7.93e-01h  1
  82  4.3295353e+05 2.73e-12 5.68e-05  -7.2 9.56e-02    -  1.00e+00 1.00e+00h  1
  83  4.3295353e+05 2.73e-12 1.14e-07  -7.2 7.25e-03    -  1.00e+00 1.00e+00h  1

Number of Iterations....: 83

                                   (scaled)                 (unscaled)
Objective...............:   3.0318874568558203e+03    4.3295352883901121e+05
Dual infeasibility......:   1.1422716459663176e-07    1.6311639104399018e-05
Constraint violation....:   6.0854319460426050e-14    2.7284841053187847e-12
Variable bound violation:   6.4542607702833266e-08    6.4542607702833266e-08
Complementarity.........:   6.5246234813031949e-08    9.3171623313009628e-06
Overall NLP error.......:   1.1422716459663176e-07    1.6311639104399018e-05


Number of objective function evaluations             = 88
Number of objective gradient evaluations             = 84
Number of equality constraint evaluations            = 88
Number of inequality constraint evaluations          = 88
Number of equality constraint Jacobian evaluations   = 84
Number of inequality constraint Jacobian evaluations = 84
Number of Lagrangian Hessian evaluations             = 83
Total seconds in IPOPT                               = 8.030

EXIT: Optimal Solution Found.

--------
Solving pglib_opf_case2312_goc.
--------

