
******************************************************************************
This program contains Ipopt, a library for large-scale nonlinear optimization.
 Ipopt is released as open source code under the Eclipse Public License (EPL).
         For more information visit https://github.com/coin-or/Ipopt
******************************************************************************

This is Ipopt version 3.14.13, running with linear solver MUMPS 5.2.1.

Number of nonzeros in equality constraint Jacobian...:    65336
Number of nonzeros in inequality constraint Jacobian.:    36156
Number of nonzeros in Lagrangian Hessian.............:    20950


******************************************************************************
This program contains Ipopt, a library for large-scale nonlinear optimization.
 Ipopt is released as open source code under the Eclipse Public License (EPL).
         For more information visit https://github.com/coin-or/Ipopt
******************************************************************************

This is Ipopt version 3.14.13, running with linear solver MUMPS 5.2.1.

Number of nonzeros in equality constraint Jacobian...:    65336
Number of nonzeros in inequality constraint Jacobian.:    36156
Number of nonzeros in Lagrangian Hessian.............:    20950


******************************************************************************
This program contains Ipopt, a library for large-scale nonlinear optimization.
 Ipopt is released as open source code under the Eclipse Public License (EPL).
         For more information visit https://github.com/coin-or/Ipopt
******************************************************************************

This is Ipopt version 3.14.13, running with linear solver MUMPS 5.2.1.

Number of nonzeros in equality constraint Jacobian...:    65336
Number of nonzeros in inequality constraint Jacobian.:    36156
Number of nonzeros in Lagrangian Hessian.............:    20950


******************************************************************************
This program contains Ipopt, a library for large-scale nonlinear optimization.
 Ipopt is released as open source code under the Eclipse Public License (EPL).
         For more information visit https://github.com/coin-or/Ipopt
******************************************************************************

This is Ipopt version 3.14.13, running with linear solver MUMPS 5.2.1.

Number of nonzeros in equality constraint Jacobian...:    65336
Number of nonzeros in inequality constraint Jacobian.:    36156
Number of nonzeros in Lagrangian Hessian.............:    20950


******************************************************************************
This program contains Ipopt, a library for large-scale nonlinear optimization.
 Ipopt is released as open source code under the Eclipse Public License (EPL).
         For more information visit https://github.com/coin-or/Ipopt
******************************************************************************

This is Ipopt version 3.14.13, running with linear solver MUMPS 5.2.1.

Number of nonzeros in equality constraint Jacobian...:    65336
Number of nonzeros in inequality constraint Jacobian.:    36156
Number of nonzeros in Lagrangian Hessian.............:    20950


******************************************************************************
This program contains Ipopt, a library for large-scale nonlinear optimization.
 Ipopt is released as open source code under the Eclipse Public License (EPL).
         For more information visit https://github.com/coin-or/Ipopt
******************************************************************************

This is Ipopt version 3.14.13, running with linear solver MUMPS 5.2.1.

Number of nonzeros in equality constraint Jacobian...:    65336

******************************************************************************
This program contains Ipopt, a library for large-scale nonlinear optimization.
 Ipopt is released as open source code under the Eclipse Public License (EPL).
         For more information visit https://github.com/coin-or/Ipopt
******************************************************************************

This is Ipopt version 3.14.13, running with linear solver MUMPS 5.2.1.

Number of nonzeros in equality constraint Jacobian...:    65336

******************************************************************************
This program contains Ipopt, a library for large-scale nonlinear optimization.
 Ipopt is released as open source code under the Eclipse Public License (EPL).
         For more information visit https://github.com/coin-or/Ipopt
******************************************************************************

This is Ipopt version 3.14.13, running with linear solver MUMPS 5.2.1.


******************************************************************************
This program contains Ipopt, a library for large-scale nonlinear optimization.
 Ipopt is released as open source code under the Eclipse Public License (EPL).
         For more information visit https://github.com/coin-or/Ipopt
******************************************************************************

This is Ipopt version 3.14.13, running with linear solver MUMPS 5.2.1.

Number of nonzeros in equality constraint Jacobian...:    65336
Number of nonzeros in inequality constraint Jacobian.:    36156
Number of nonzeros in Lagrangian Hessian.............:    20950


******************************************************************************
This program contains Ipopt, a library for large-scale nonlinear optimization.
 Ipopt is released as open source code under the Eclipse Public License (EPL).
         For more information visit https://github.com/coin-or/Ipopt
******************************************************************************

This is Ipopt version 3.14.13, running with linear solver MUMPS 5.2.1.

Number of nonzeros in equality constraint Jacobian...:    65336
Number of nonzeros in inequality constraint Jacobian.:    36156
Number of nonzeros in Lagrangian Hessian.............:    20950

Number of nonzeros in equality constraint Jacobian...:    65336
Number of nonzeros in inequality constraint Jacobian.:    36156
Number of nonzeros in Lagrangian Hessian.............:    20950

Number of nonzeros in inequality constraint Jacobian.:    36156
Number of nonzeros in Lagrangian Hessian.............:    20950


******************************************************************************
This program contains Ipopt, a library for large-scale nonlinear optimization.
 Ipopt is released as open source code under the Eclipse Public License (EPL).
         For more information visit https://github.com/coin-or/Ipopt
******************************************************************************

This is Ipopt version 3.14.13, running with linear solver MUMPS 5.2.1.


******************************************************************************
This program contains Ipopt, a library for large-scale nonlinear optimization.
 Ipopt is released as open source code under the Eclipse Public License (EPL).
         For more information visit https://github.com/coin-or/Ipopt
******************************************************************************

This is Ipopt version 3.14.13, running with linear solver MUMPS 5.2.1.

Number of nonzeros in equality constraint Jacobian...:    65336
Number of nonzeros in inequality constraint Jacobian.:    36156
Number of nonzeros in Lagrangian Hessian.............:    20950


******************************************************************************
This program contains Ipopt, a library for large-scale nonlinear optimization.
 Ipopt is released as open source code under the Eclipse Public License (EPL).
         For more information visit https://github.com/coin-or/Ipopt
******************************************************************************


******************************************************************************
This program contains Ipopt, a library for large-scale nonlinear optimization.
 Ipopt is released as open source code under the Eclipse Public License (EPL).
         For more information visit https://github.com/coin-or/Ipopt
******************************************************************************

This is Ipopt version 3.14.13, running with linear solver MUMPS 5.2.1.

Number of nonzeros in equality constraint Jacobian...:    65336

******************************************************************************
This program contains Ipopt, a library for large-scale nonlinear optimization.
 Ipopt is released as open source code under the Eclipse Public License (EPL).
         For more information visit https://github.com/coin-or/Ipopt
******************************************************************************

This is Ipopt version 3.14.13, running with linear solver MUMPS 5.2.1.

Number of nonzeros in equality constraint Jacobian...:    65336

******************************************************************************
This program contains Ipopt, a library for large-scale nonlinear optimization.
 Ipopt is released as open source code under the Eclipse Public License (EPL).
         For more information visit https://github.com/coin-or/Ipopt
******************************************************************************

This is Ipopt version 3.14.13, running with linear solver MUMPS 5.2.1.

Number of nonzeros in equality constraint Jacobian...:    65336
Number of nonzeros in inequality constraint Jacobian.:    36156
Number of nonzeros in Lagrangian Hessian.............:    20950


******************************************************************************
This program contains Ipopt, a library for large-scale nonlinear optimization.
 Ipopt is released as open source code under the Eclipse Public License (EPL).
         For more information visit https://github.com/coin-or/Ipopt
******************************************************************************

This is Ipopt version 3.14.13, running with linear solver MUMPS 5.2.1.

Number of nonzeros in equality constraint Jacobian...:    65336
Number of nonzeros in inequality constraint Jacobian.:    36156
Number of nonzeros in Lagrangian Hessian.............:    20950


******************************************************************************
This program contains Ipopt, a library for large-scale nonlinear optimization.
 Ipopt is released as open source code under the Eclipse Public License (EPL).
         For more information visit https://github.com/coin-or/Ipopt
******************************************************************************

This is Ipopt version 3.14.13, running with linear solver MUMPS 5.2.1.

Number of nonzeros in equality constraint Jacobian...:    65336
Number of nonzeros in inequality constraint Jacobian.:    36156
Number of nonzeros in Lagrangian Hessian.............:    20950


******************************************************************************
This program contains Ipopt, a library for large-scale nonlinear optimization.
 Ipopt is released as open source code under the Eclipse Public License (EPL).
         For more information visit https://github.com/coin-or/Ipopt
******************************************************************************

This is Ipopt version 3.14.13, running with linear solver MUMPS 5.2.1.

Number of nonzeros in equality constraint Jacobian...:    65336
Number of nonzeros in equality constraint Jacobian...:    65336
Number of nonzeros in inequality constraint Jacobian.:    36156
Number of nonzeros in Lagrangian Hessian.............:    20950

Number of nonzeros in inequality constraint Jacobian.:    36156
Number of nonzeros in Lagrangian Hessian.............:    20950

Number of nonzeros in inequality constraint Jacobian.:    36156
Number of nonzeros in Lagrangian Hessian.............:    20950


******************************************************************************
This program contains Ipopt, a library for large-scale nonlinear optimization.
 Ipopt is released as open source code under the Eclipse Public License (EPL).
         For more information visit https://github.com/coin-or/Ipopt
******************************************************************************

This is Ipopt version 3.14.13, running with linear solver MUMPS 5.2.1.

Number of nonzeros in equality constraint Jacobian...:    65336
This is Ipopt version 3.14.13, running with linear solver MUMPS 5.2.1.

Number of nonzeros in equality constraint Jacobian...:    65336
Number of nonzeros in inequality constraint Jacobian.:    36156
Number of nonzeros in Lagrangian Hessian.............:    20950

Number of nonzeros in inequality constraint Jacobian.:    36156
Number of nonzeros in Lagrangian Hessian.............:    20950

Number of nonzeros in inequality constraint Jacobian.:    36156
Number of nonzeros in Lagrangian Hessian.............:    20950


******************************************************************************
This program contains Ipopt, a library for large-scale nonlinear optimization.
 Ipopt is released as open source code under the Eclipse Public License (EPL).
         For more information visit https://github.com/coin-or/Ipopt
******************************************************************************

This is Ipopt version 3.14.13, running with linear solver MUMPS 5.2.1.

Number of nonzeros in equality constraint Jacobian...:    65336
Number of nonzeros in inequality constraint Jacobian.:    36156
Number of nonzeros in Lagrangian Hessian.............:    20950


******************************************************************************
This program contains Ipopt, a library for large-scale nonlinear optimization.
 Ipopt is released as open source code under the Eclipse Public License (EPL).
         For more information visit https://github.com/coin-or/Ipopt
******************************************************************************

This is Ipopt version 3.14.13, running with linear solver MUMPS 5.2.1.

Number of nonzeros in equality constraint Jacobian...:    65336
Number of nonzeros in inequality constraint Jacobian.:    36156
Number of nonzeros in Lagrangian Hessian.............:    20950


******************************************************************************
This program contains Ipopt, a library for large-scale nonlinear optimization.
 Ipopt is released as open source code under the Eclipse Public License (EPL).
         For more information visit https://github.com/coin-or/Ipopt
******************************************************************************

This is Ipopt version 3.14.13, running with linear solver MUMPS 5.2.1.

Number of nonzeros in equality constraint Jacobian...:    65336

******************************************************************************
This program contains Ipopt, a library for large-scale nonlinear optimization.
 Ipopt is released as open source code under the Eclipse Public License (EPL).
         For more information visit https://github.com/coin-or/Ipopt
******************************************************************************

Number of nonzeros in inequality constraint Jacobian.:    36156
Number of nonzeros in Lagrangian Hessian.............:    20950

Number of nonzeros in inequality constraint Jacobian.:    36156
Number of nonzeros in Lagrangian Hessian.............:    20950


******************************************************************************
This program contains Ipopt, a library for large-scale nonlinear optimization.
 Ipopt is released as open source code under the Eclipse Public License (EPL).
         For more information visit https://github.com/coin-or/Ipopt
******************************************************************************

This is Ipopt version 3.14.13, running with linear solver MUMPS 5.2.1.

Number of nonzeros in equality constraint Jacobian...:    65336
This is Ipopt version 3.14.13, running with linear solver MUMPS 5.2.1.

Number of nonzeros in equality constraint Jacobian...:    65336
Number of nonzeros in inequality constraint Jacobian.:    36156
Number of nonzeros in Lagrangian Hessian.............:    20950


******************************************************************************
This program contains Ipopt, a library for large-scale nonlinear optimization.
 Ipopt is released as open source code under the Eclipse Public License (EPL).
         For more information visit https://github.com/coin-or/Ipopt
******************************************************************************

This is Ipopt version 3.14.13, running with linear solver MUMPS 5.2.1.


******************************************************************************
This program contains Ipopt, a library for large-scale nonlinear optimization.
 Ipopt is released as open source code under the Eclipse Public License (EPL).
         For more information visit https://github.com/coin-or/Ipopt
******************************************************************************

This is Ipopt version 3.14.13, running with linear solver MUMPS 5.2.1.

Number of nonzeros in inequality constraint Jacobian.:    36156
Number of nonzeros in Lagrangian Hessian.............:    20950


******************************************************************************
This program contains Ipopt, a library for large-scale nonlinear optimization.
 Ipopt is released as open source code under the Eclipse Public License (EPL).
         For more information visit https://github.com/coin-or/Ipopt
******************************************************************************

This is Ipopt version 3.14.13, running with linear solver MUMPS 5.2.1.

Number of nonzeros in equality constraint Jacobian...:    65336
Number of nonzeros in inequality constraint Jacobian.:    36156
Number of nonzeros in Lagrangian Hessian.............:    20950

Number of nonzeros in equality constraint Jacobian...:    65336
Number of nonzeros in inequality constraint Jacobian.:    36156
Number of nonzeros in Lagrangian Hessian.............:    20950

Number of nonzeros in equality constraint Jacobian...:    65336
Number of nonzeros in inequality constraint Jacobian.:    36156
Number of nonzeros in Lagrangian Hessian.............:    20950


******************************************************************************
This program contains Ipopt, a library for large-scale nonlinear optimization.
 Ipopt is released as open source code under the Eclipse Public License (EPL).
         For more information visit https://github.com/coin-or/Ipopt
******************************************************************************

This is Ipopt version 3.14.13, running with linear solver MUMPS 5.2.1.

Number of nonzeros in equality constraint Jacobian...:    65336
Number of nonzeros in inequality constraint Jacobian.:    36156
Number of nonzeros in Lagrangian Hessian.............:    20950


******************************************************************************
This program contains Ipopt, a library for large-scale nonlinear optimization.
 Ipopt is released as open source code under the Eclipse Public License (EPL).
         For more information visit https://github.com/coin-or/Ipopt
******************************************************************************

This is Ipopt version 3.14.13, running with linear solver MUMPS 5.2.1.

Number of nonzeros in equality constraint Jacobian...:    65336
Number of nonzeros in inequality constraint Jacobian.:    36156
Number of nonzeros in Lagrangian Hessian.............:    20950

Total number of variables............................:    20842
                     variables with only lower bounds:        0
                variables with lower and upper bounds:    20842
                     variables with only upper bounds:        0
Total number of equality constraints.................:    16676
Total number of inequality constraints...............:    15065
        inequality constraints with only lower bounds:        0
   inequality constraints with lower and upper bounds:    15065
        inequality constraints with only upper bounds:        0

iter    objective    inf_pr   inf_du lg(mu)  ||d||  lg(rg) alpha_du alpha_pr  ls
   0  4.0845553e+05 1.93e+01 2.95e+01  -1.0 0.00e+00    -  0.00e+00 0.00e+00   0
Total number of variables............................:    20842
                     variables with only lower bounds:        0
                variables with lower and upper bounds:    20842
                     variables with only upper bounds:        0
Total number of equality constraints.................:    16676
Total number of inequality constraints...............:    15065
        inequality constraints with only lower bounds:        0
   inequality constraints with lower and upper bounds:    15065
        inequality constraints with only upper bounds:        0

iter    objective    inf_pr   inf_du lg(mu)  ||d||  lg(rg) alpha_du alpha_pr  ls
Total number of variables............................:    20842
                     variables with only lower bounds:        0
                variables with lower and upper bounds:    20842
                     variables with only upper bounds:        0
Total number of equality constraints.................:    16676
Total number of inequality constraints...............:    15065
        inequality constraints with only lower bounds:        0
   inequality constraints with lower and upper bounds:    15065
        inequality constraints with only upper bounds:        0

iter    objective    inf_pr   inf_du lg(mu)  ||d||  lg(rg) alpha_du alpha_pr  ls
   0  4.0845553e+05 1.93e+01 2.95e+01  -1.0 0.00e+00    -  0.00e+00 0.00e+00   0
Total number of variables............................:    20842
                     variables with only lower bounds:        0
                variables with lower and upper bounds:    20842
                     variables with only upper bounds:        0
Total number of equality constraints.................:    16676
Total number of inequality constraints...............:    15065
        inequality constraints with only lower bounds:        0
   inequality constraints with lower and upper bounds:    15065
        inequality constraints with only upper bounds:        0

iter    objective    inf_pr   inf_du lg(mu)  ||d||  lg(rg) alpha_du alpha_pr  ls
   0  4.0845553e+05 1.93e+01 2.95e+01  -1.0 0.00e+00    -  0.00e+00 0.00e+00   0
   0  4.0845553e+05 1.93e+01 2.95e+01  -1.0 0.00e+00    -  0.00e+00 0.00e+00   0
Total number of variables............................:    20842
                     variables with only lower bounds:        0
                variables with lower and upper bounds:    20842
                     variables with only upper bounds:        0
Total number of equality constraints.................:    16676
Total number of inequality constraints...............:    15065
        inequality constraints with only lower bounds:        0
   inequality constraints with lower and upper bounds:    15065
        inequality constraints with only upper bounds:        0

iter    objective    inf_pr   inf_du lg(mu)  ||d||  lg(rg) alpha_du alpha_pr  ls
   0  4.0845553e+05 1.93e+01 2.95e+01  -1.0 0.00e+00    -  0.00e+00 0.00e+00   0
Total number of variables............................:    20842
                     variables with only lower bounds:        0
                variables with lower and upper bounds:    20842
                     variables with only upper bounds:        0
Total number of equality constraints.................:    16676
Total number of inequality constraints...............:    15065
        inequality constraints with only lower bounds:        0
   inequality constraints with lower and upper bounds:    15065
        inequality constraints with only upper bounds:        0

iter    objective    inf_pr   inf_du lg(mu)  ||d||  lg(rg) alpha_du alpha_pr  ls
   0  4.0845553e+05 1.93e+01 2.95e+01  -1.0 0.00e+00    -  0.00e+00 0.00e+00   0
Total number of variables............................:    20842
                     variables with only lower bounds:        0
                variables with lower and upper bounds:    20842
                     variables with only upper bounds:        0
Total number of equality constraints.................:    16676
Total number of inequality constraints...............:    15065
        inequality constraints with only lower bounds:        0
   inequality constraints with lower and upper bounds:    15065
        inequality constraints with only upper bounds:        0

iter    objective    inf_pr   inf_du lg(mu)  ||d||  lg(rg) alpha_du alpha_pr  ls
Total number of variables............................:    20842
                     variables with only lower bounds:        0
                variables with lower and upper bounds:    20842
                     variables with only upper bounds:        0
Total number of equality constraints.................:    16676
Total number of inequality constraints...............:    15065
        inequality constraints with only lower bounds:        0
   inequality constraints with lower and upper bounds:    15065
        inequality constraints with only upper bounds:        0

iter    objective    inf_pr   inf_du lg(mu)  ||d||  lg(rg) alpha_du alpha_pr  ls
Total number of variables............................:    20842
                     variables with only lower bounds:        0
                variables with lower and upper bounds:    20842
                     variables with only upper bounds:        0
Total number of equality constraints.................:    16676
Total number of inequality constraints...............:    15065
        inequality constraints with only lower bounds:        0
   inequality constraints with lower and upper bounds:    15065
        inequality constraints with only upper bounds:        0

iter    objective    inf_pr   inf_du lg(mu)  ||d||  lg(rg) alpha_du alpha_pr  ls
Total number of variables............................:    20842
                     variables with only lower bounds:        0
                variables with lower and upper bounds:    20842
                     variables with only upper bounds:        0
Total number of equality constraints.................:    16676
Total number of inequality constraints...............:    15065
        inequality constraints with only lower bounds:        0
   inequality constraints with lower and upper bounds:    15065
        inequality constraints with only upper bounds:        0

iter    objective    inf_pr   inf_du lg(mu)  ||d||  lg(rg) alpha_du alpha_pr  ls
Total number of variables............................:    20842
                     variables with only lower bounds:        0
                variables with lower and upper bounds:    20842
                     variables with only upper bounds:        0
Total number of equality constraints.................:    16676
Total number of inequality constraints...............:    15065
        inequality constraints with only lower bounds:        0
   inequality constraints with lower and upper bounds:    15065
        inequality constraints with only upper bounds:        0

iter    objective    inf_pr   inf_du lg(mu)  ||d||  lg(rg) alpha_du alpha_pr  ls
Total number of variables............................:    20842
                     variables with only lower bounds:        0
                variables with lower and upper bounds:    20842
                     variables with only upper bounds:        0
Total number of equality constraints.................:    16676
Total number of inequality constraints...............:    15065
        inequality constraints with only lower bounds:        0
   inequality constraints with lower and upper bounds:    15065
        inequality constraints with only upper bounds:        0

iter    objective    inf_pr   inf_du lg(mu)  ||d||  lg(rg) alpha_du alpha_pr  ls
   0  4.0845553e+05 1.93e+01 2.95e+01  -1.0 0.00e+00    -  0.00e+00 0.00e+00   0
   0  4.0845553e+05 1.93e+01 2.95e+01  -1.0 0.00e+00    -  0.00e+00 0.00e+00   0
Total number of variables............................:    20842
                     variables with only lower bounds:        0
                variables with lower and upper bounds:    20842
                     variables with only upper bounds:        0
Total number of equality constraints.................:    16676
Total number of inequality constraints...............:    15065
        inequality constraints with only lower bounds:        0
   inequality constraints with lower and upper bounds:    15065
        inequality constraints with only upper bounds:        0

iter    objective    inf_pr   inf_du lg(mu)  ||d||  lg(rg) alpha_du alpha_pr  ls
   0  4.0845553e+05 1.93e+01 2.95e+01  -1.0 0.00e+00    -  0.00e+00 0.00e+00   0
Total number of variables............................:    20842
                     variables with only lower bounds:        0
                variables with lower and upper bounds:    20842
                     variables with only upper bounds:        0
Total number of equality constraints.................:    16676
Total number of inequality constraints...............:    15065
        inequality constraints with only lower bounds:        0
   inequality constraints with lower and upper bounds:    15065
        inequality constraints with only upper bounds:        0

iter    objective    inf_pr   inf_du lg(mu)  ||d||  lg(rg) alpha_du alpha_pr  ls
   0  4.0845553e+05 1.93e+01 2.95e+01  -1.0 0.00e+00    -  0.00e+00 0.00e+00   0
   0  4.0845553e+05 1.93e+01 2.95e+01  -1.0 0.00e+00    -  0.00e+00 0.00e+00   0
   0  4.0845553e+05 1.93e+01 2.95e+01  -1.0 0.00e+00    -  0.00e+00 0.00e+00   0
   0  4.0845553e+05 1.93e+01 2.95e+01  -1.0 0.00e+00    -  0.00e+00 0.00e+00   0
   0  4.0845553e+05 1.93e+01 2.95e+01  -1.0 0.00e+00    -  0.00e+00 0.00e+00   0
Total number of variables............................:    20842
                     variables with only lower bounds:        0
                variables with lower and upper bounds:    20842
                     variables with only upper bounds:        0
Total number of equality constraints.................:    16676
Total number of inequality constraints...............:    15065
        inequality constraints with only lower bounds:        0
   inequality constraints with lower and upper bounds:    15065
        inequality constraints with only upper bounds:        0

iter    objective    inf_pr   inf_du lg(mu)  ||d||  lg(rg) alpha_du alpha_pr  ls
Total number of variables............................:    20842
Total number of variables............................:    20842
                     variables with only lower bounds:        0
                variables with lower and upper bounds:    20842
                     variables with only upper bounds:        0
Total number of equality constraints.................:    16676
Total number of inequality constraints...............:    15065
        inequality constraints with only lower bounds:        0
   inequality constraints with lower and upper bounds:    15065
        inequality constraints with only upper bounds:        0

Total number of variables............................:    20842
                     variables with only lower bounds:        0
                variables with lower and upper bounds:    20842
                     variables with only upper bounds:        0
Total number of equality constraints.................:    16676
Total number of inequality constraints...............:    15065
        inequality constraints with only lower bounds:        0
   inequality constraints with lower and upper bounds:    15065
        inequality constraints with only upper bounds:        0

iter    objective    inf_pr   inf_du lg(mu)  ||d||  lg(rg) alpha_du alpha_pr  ls
   0  4.0845553e+05 1.93e+01 2.95e+01  -1.0 0.00e+00    -  0.00e+00 0.00e+00   0
Total number of variables............................:    20842
                     variables with only lower bounds:        0
                variables with lower and upper bounds:    20842
                     variables with only upper bounds:        0
Total number of equality constraints.................:    16676
Total number of inequality constraints...............:    15065
        inequality constraints with only lower bounds:        0
   inequality constraints with lower and upper bounds:    15065
        inequality constraints with only upper bounds:        0

Total number of variables............................:    20842
                     variables with only lower bounds:        0
                variables with lower and upper bounds:    20842
                     variables with only upper bounds:        0
Total number of equality constraints.................:    16676
Total number of inequality constraints...............:    15065
        inequality constraints with only lower bounds:        0
   inequality constraints with lower and upper bounds:    15065
        inequality constraints with only upper bounds:        0

iter    objective    inf_pr   inf_du lg(mu)  ||d||  lg(rg) alpha_du alpha_pr  ls
   0  4.0845553e+05 1.93e+01 2.95e+01  -1.0 0.00e+00    -  0.00e+00 0.00e+00   0
   0  4.0845553e+05 1.93e+01 2.95e+01  -1.0 0.00e+00    -  0.00e+00 0.00e+00   0
Total number of variables............................:    20842
iter    objective    inf_pr   inf_du lg(mu)  ||d||  lg(rg) alpha_du alpha_pr  ls
   0  4.0845553e+05 1.93e+01 2.95e+01  -1.0 0.00e+00    -  0.00e+00 0.00e+00   0
                     variables with only lower bounds:        0
                variables with lower and upper bounds:    20842
                     variables with only upper bounds:        0
Total number of equality constraints.................:    16676
Total number of inequality constraints...............:    15065
        inequality constraints with only lower bounds:        0
   inequality constraints with lower and upper bounds:    15065
        inequality constraints with only upper bounds:        0

iter    objective    inf_pr   inf_du lg(mu)  ||d||  lg(rg) alpha_du alpha_pr  ls
   0  4.0845553e+05 1.93e+01 2.95e+01  -1.0 0.00e+00    -  0.00e+00 0.00e+00   0
Total number of variables............................:    20842
                     variables with only lower bounds:        0
                variables with lower and upper bounds:    20842
                     variables with only upper bounds:        0
Total number of equality constraints.................:    16676
Total number of inequality constraints...............:    15065
        inequality constraints with only lower bounds:        0
   inequality constraints with lower and upper bounds:    15065
        inequality constraints with only upper bounds:        0

iter    objective    inf_pr   inf_du lg(mu)  ||d||  lg(rg) alpha_du alpha_pr  ls
   0  4.0845553e+05 1.93e+01 2.95e+01  -1.0 0.00e+00    -  0.00e+00 0.00e+00   0
Total number of variables............................:    20842
                     variables with only lower bounds:        0
                variables with lower and upper bounds:    20842
                     variables with only upper bounds:        0
Total number of equality constraints.................:    16676
Total number of inequality constraints...............:    15065
        inequality constraints with only lower bounds:        0
   inequality constraints with lower and upper bounds:    15065
        inequality constraints with only upper bounds:        0

iter    objective    inf_pr   inf_du lg(mu)  ||d||  lg(rg) alpha_du alpha_pr  ls
iter    objective    inf_pr   inf_du lg(mu)  ||d||  lg(rg) alpha_du alpha_pr  ls
   0  4.0845553e+05 1.93e+01 2.95e+01  -1.0 0.00e+00    -  0.00e+00 0.00e+00   0
                     variables with only lower bounds:        0
                variables with lower and upper bounds:    20842
                     variables with only upper bounds:        0
Total number of equality constraints.................:    16676
Total number of inequality constraints...............:    15065
        inequality constraints with only lower bounds:        0
   inequality constraints with lower and upper bounds:    15065
        inequality constraints with only upper bounds:        0

iter    objective    inf_pr   inf_du lg(mu)  ||d||  lg(rg) alpha_du alpha_pr  ls
   0  4.0845553e+05 1.93e+01 2.95e+01  -1.0 0.00e+00    -  0.00e+00 0.00e+00   0
Total number of variables............................:    20842
                     variables with only lower bounds:        0
                variables with lower and upper bounds:    20842
                     variables with only upper bounds:        0
Total number of equality constraints.................:    16676
Total number of inequality constraints...............:    15065
        inequality constraints with only lower bounds:        0
   inequality constraints with lower and upper bounds:    15065
        inequality constraints with only upper bounds:        0

iter    objective    inf_pr   inf_du lg(mu)  ||d||  lg(rg) alpha_du alpha_pr  ls
   0  4.0845553e+05 1.93e+01 2.95e+01  -1.0 0.00e+00    -  0.00e+00 0.00e+00   0
Total number of variables............................:    20842
                     variables with only lower bounds:        0
                variables with lower and upper bounds:    20842
                     variables with only upper bounds:        0
Total number of equality constraints.................:    16676
Total number of inequality constraints...............:    15065
        inequality constraints with only lower bounds:        0
   inequality constraints with lower and upper bounds:    15065
        inequality constraints with only upper bounds:        0

iter    objective    inf_pr   inf_du lg(mu)  ||d||  lg(rg) alpha_du alpha_pr  ls
   0  4.0845553e+05 1.93e+01 2.95e+01  -1.0 0.00e+00    -  0.00e+00 0.00e+00   0
Total number of variables............................:    20842
                     variables with only lower bounds:        0
                variables with lower and upper bounds:    20842
                     variables with only upper bounds:        0
Total number of equality constraints.................:    16676
Total number of inequality constraints...............:    15065
        inequality constraints with only lower bounds:        0
   inequality constraints with lower and upper bounds:    15065
        inequality constraints with only upper bounds:        0

iter    objective    inf_pr   inf_du lg(mu)  ||d||  lg(rg) alpha_du alpha_pr  ls
   0  4.0845553e+05 1.93e+01 2.95e+01  -1.0 0.00e+00    -  0.00e+00 0.00e+00   0
Total number of variables............................:    20842
   0  4.0845553e+05 1.93e+01 2.95e+01  -1.0 0.00e+00    -  0.00e+00 0.00e+00   0
Total number of variables............................:    20842
                     variables with only lower bounds:        0
                variables with lower and upper bounds:    20842
                     variables with only upper bounds:        0
Total number of equality constraints.................:    16676
Total number of inequality constraints...............:    15065
        inequality constraints with only lower bounds:        0
   inequality constraints with lower and upper bounds:    15065
        inequality constraints with only upper bounds:        0

iter    objective    inf_pr   inf_du lg(mu)  ||d||  lg(rg) alpha_du alpha_pr  ls
                     variables with only lower bounds:        0
                variables with lower and upper bounds:    20842
                     variables with only upper bounds:        0
Total number of equality constraints.................:    16676
Total number of inequality constraints...............:    15065
        inequality constraints with only lower bounds:        0
   inequality constraints with lower and upper bounds:    15065
        inequality constraints with only upper bounds:        0

iter    objective    inf_pr   inf_du lg(mu)  ||d||  lg(rg) alpha_du alpha_pr  ls
   0  4.0845553e+05 1.93e+01 2.95e+01  -1.0 0.00e+00    -  0.00e+00 0.00e+00   0
   0  4.0845553e+05 1.93e+01 2.95e+01  -1.0 0.00e+00    -  0.00e+00 0.00e+00   0
Total number of variables............................:    20842
                     variables with only lower bounds:        0
                variables with lower and upper bounds:    20842
                     variables with only upper bounds:        0
Total number of equality constraints.................:    16676
Total number of inequality constraints...............:    15065
        inequality constraints with only lower bounds:        0
   inequality constraints with lower and upper bounds:    15065
        inequality constraints with only upper bounds:        0

iter    objective    inf_pr   inf_du lg(mu)  ||d||  lg(rg) alpha_du alpha_pr  ls
   0  4.0845553e+05 1.93e+01 2.95e+01  -1.0 0.00e+00    -  0.00e+00 0.00e+00   0
Total number of variables............................:    20842
                     variables with only lower bounds:        0
                variables with lower and upper bounds:    20842
                     variables with only upper bounds:        0
Total number of equality constraints.................:    16676
Total number of inequality constraints...............:    15065
        inequality constraints with only lower bounds:        0
   inequality constraints with lower and upper bounds:    15065
        inequality constraints with only upper bounds:        0

iter    objective    inf_pr   inf_du lg(mu)  ||d||  lg(rg) alpha_du alpha_pr  ls
   0  4.0845553e+05 1.93e+01 2.95e+01  -1.0 0.00e+00    -  0.00e+00 0.00e+00   0
   1  4.0857949e+05 1.90e+01 2.90e+01  -1.0 1.86e+01    -  2.39e-02 1.76e-02f  1
   1  4.0857949e+05 1.90e+01 2.90e+01  -1.0 1.86e+01    -  2.39e-02 1.76e-02f  1
   1  4.0857949e+05 1.90e+01 2.90e+01  -1.0 1.86e+01    -  2.39e-02 1.76e-02f  1
   1  4.0857949e+05 1.90e+01 2.90e+01  -1.0 1.86e+01    -  2.39e-02 1.76e-02f  1
   1  4.0857949e+05 1.90e+01 2.90e+01  -1.0 1.86e+01    -  2.39e-02 1.76e-02f  1
   1  4.0857949e+05 1.90e+01 2.90e+01  -1.0 1.86e+01    -  2.39e-02 1.76e-02f  1
   1  4.0857949e+05 1.90e+01 2.90e+01  -1.0 1.86e+01    -  2.39e-02 1.76e-02f  1   1  4.0857949e+05 1.90e+01 2.90e+01  -1.0 1.86e+01    -  2.39e-02 1.76e-02f  1
   1  4.0857949e+05 1.90e+01 2.90e+01  -1.0 1.86e+01    -  2.39e-02 1.76e-02f  1
   1  4.0857949e+05 1.90e+01 2.90e+01  -1.0 1.86e+01    -  2.39e-02 1.76e-02f  1
   1  4.0857949e+05 1.90e+01 2.90e+01  -1.0 1.86e+01    -  2.39e-02 1.76e-02f  1
   1  4.0857949e+05 1.90e+01 2.90e+01  -1.0 1.86e+01    -  2.39e-02 1.76e-02f  1
   1  4.0857949e+05 1.90e+01 2.90e+01  -1.0 1.86e+01    -  2.39e-02 1.76e-02f  1

   1  4.0857949e+05 1.90e+01 2.90e+01  -1.0 1.86e+01    -  2.39e-02 1.76e-02f  1
   1  4.0857949e+05 1.90e+01 2.90e+01  -1.0 1.86e+01    -  2.39e-02 1.76e-02f  1
   1  4.0857949e+05 1.90e+01 2.90e+01  -1.0 1.86e+01    -  2.39e-02 1.76e-02f  1
   1  4.0857949e+05 1.90e+01 2.90e+01  -1.0 1.86e+01    -  2.39e-02 1.76e-02f  1
   1  4.0857949e+05 1.90e+01 2.90e+01  -1.0 1.86e+01    -  2.39e-02 1.76e-02f  1
   1  4.0857949e+05 1.90e+01 2.90e+01  -1.0 1.86e+01    -  2.39e-02 1.76e-02f  1
   1  4.0857949e+05 1.90e+01 2.90e+01  -1.0 1.86e+01    -  2.39e-02 1.76e-02f  1
   1  4.0857949e+05 1.90e+01 2.90e+01  -1.0 1.86e+01    -  2.39e-02 1.76e-02f  1
   1  4.0857949e+05 1.90e+01 2.90e+01  -1.0 1.86e+01    -  2.39e-02 1.76e-02f  1
   1  4.0857949e+05 1.90e+01 2.90e+01  -1.0 1.86e+01    -  2.39e-02 1.76e-02f  1
   1  4.0857949e+05 1.90e+01 2.90e+01  -1.0 1.86e+01    -  2.39e-02 1.76e-02f  1
   1  4.0857949e+05 1.90e+01 2.90e+01  -1.0 1.86e+01    -  2.39e-02 1.76e-02f  1
   1  4.0857949e+05 1.90e+01 2.90e+01  -1.0 1.86e+01    -  2.39e-02 1.76e-02f  1
   1  4.0857949e+05 1.90e+01 2.90e+01  -1.0 1.86e+01    -  2.39e-02 1.76e-02f  1
   1  4.0857949e+05 1.90e+01 2.90e+01  -1.0 1.86e+01    -  2.39e-02 1.76e-02f  1
   1  4.0857949e+05 1.90e+01 2.90e+01  -1.0 1.86e+01    -  2.39e-02 1.76e-02f  1
   1  4.0857949e+05 1.90e+01 2.90e+01  -1.0 1.86e+01    -  2.39e-02 1.76e-02f  1
   2  4.0897499e+05 1.86e+01 2.93e+01  -1.0 1.44e+01    -  4.83e-03 1.97e-02f  1
   2  4.0897499e+05 1.86e+01 2.93e+01  -1.0 1.44e+01    -  4.83e-03 1.97e-02f  1
   2  4.0897499e+05 1.86e+01 2.93e+01  -1.0 1.44e+01    -  4.83e-03 1.97e-02f  1
   2  4.0897499e+05 1.86e+01 2.93e+01  -1.0 1.44e+01    -  4.83e-03 1.97e-02f  1
   2  4.0897499e+05 1.86e+01 2.93e+01  -1.0 1.44e+01    -  4.83e-03 1.97e-02f  1
   2  4.0897499e+05 1.86e+01 2.93e+01  -1.0 1.44e+01    -  4.83e-03 1.97e-02f  1
   2  4.0897499e+05 1.86e+01 2.93e+01  -1.0 1.44e+01    -  4.83e-03 1.97e-02f  1   2  4.0897499e+05 1.86e+01 2.93e+01  -1.0 1.44e+01    -  4.83e-03 1.97e-02f  1
   2  4.0897499e+05 1.86e+01 2.93e+01  -1.0 1.44e+01    -  4.83e-03 1.97e-02f  1
   2  4.0897499e+05 1.86e+01 2.93e+01  -1.0 1.44e+01    -  4.83e-03 1.97e-02f  1
   2  4.0897499e+05 1.86e+01 2.93e+01  -1.0 1.44e+01    -  4.83e-03 1.97e-02f  1
   2  4.0897499e+05 1.86e+01 2.93e+01  -1.0 1.44e+01    -  4.83e-03 1.97e-02f  1

   2  4.0897499e+05 1.86e+01 2.93e+01  -1.0 1.44e+01    -  4.83e-03 1.97e-02f  1
   2  4.0897499e+05 1.86e+01 2.93e+01  -1.0 1.44e+01    -  4.83e-03 1.97e-02f  1
   2  4.0897499e+05 1.86e+01 2.93e+01  -1.0 1.44e+01    -  4.83e-03 1.97e-02f  1
   2  4.0897499e+05 1.86e+01 2.93e+01  -1.0 1.44e+01    -  4.83e-03 1.97e-02f  1
   2  4.0897499e+05 1.86e+01 2.93e+01  -1.0 1.44e+01    -  4.83e-03 1.97e-02f  1
   2  4.0897499e+05 1.86e+01 2.93e+01  -1.0 1.44e+01    -  4.83e-03 1.97e-02f  1
   2  4.0897499e+05 1.86e+01 2.93e+01  -1.0 1.44e+01    -  4.83e-03 1.97e-02f  1
   2  4.0897499e+05 1.86e+01 2.93e+01  -1.0 1.44e+01    -  4.83e-03 1.97e-02f  1
   2  4.0897499e+05 1.86e+01 2.93e+01  -1.0 1.44e+01    -  4.83e-03 1.97e-02f  1
   2  4.0897499e+05 1.86e+01 2.93e+01  -1.0 1.44e+01    -  4.83e-03 1.97e-02f  1
   2  4.0897499e+05 1.86e+01 2.93e+01  -1.0 1.44e+01    -  4.83e-03 1.97e-02f  1
   2  4.0897499e+05 1.86e+01 2.93e+01  -1.0 1.44e+01    -  4.83e-03 1.97e-02f  1
   2  4.0897499e+05 1.86e+01 2.93e+01  -1.0 1.44e+01    -  4.83e-03 1.97e-02f  1
   2  4.0897499e+05 1.86e+01 2.93e+01  -1.0 1.44e+01    -  4.83e-03 1.97e-02f  1
   2  4.0897499e+05 1.86e+01 2.93e+01  -1.0 1.44e+01    -  4.83e-03 1.97e-02f  1
   2  4.0897499e+05 1.86e+01 2.93e+01  -1.0 1.44e+01    -  4.83e-03 1.97e-02f  1
   2  4.0897499e+05 1.86e+01 2.93e+01  -1.0 1.44e+01    -  4.83e-03 1.97e-02f  1
   2  4.0897499e+05 1.86e+01 2.93e+01  -1.0 1.44e+01    -  4.83e-03 1.97e-02f  1
   3  4.1045080e+05 1.73e+01 3.27e+01  -1.0 1.25e+01    -  1.09e-02 7.00e-02h  1
   3  4.1045080e+05 1.73e+01 3.27e+01  -1.0 1.25e+01    -  1.09e-02 7.00e-02h  1
   3  4.1045080e+05 1.73e+01 3.27e+01  -1.0 1.25e+01    -  1.09e-02 7.00e-02h  1
   3  4.1045080e+05 1.73e+01 3.27e+01  -1.0 1.25e+01    -  1.09e-02 7.00e-02h  1
   3  4.1045080e+05 1.73e+01 3.27e+01  -1.0 1.25e+01    -  1.09e-02 7.00e-02h  1
   3  4.1045080e+05 1.73e+01 3.27e+01  -1.0 1.25e+01    -  1.09e-02 7.00e-02h  1
   3  4.1045080e+05 1.73e+01 3.27e+01  -1.0 1.25e+01    -  1.09e-02 7.00e-02h  1
   3  4.1045080e+05 1.73e+01 3.27e+01  -1.0 1.25e+01    -  1.09e-02 7.00e-02h  1
   3  4.1045080e+05 1.73e+01 3.27e+01  -1.0 1.25e+01    -  1.09e-02 7.00e-02h  1
   3  4.1045080e+05 1.73e+01 3.27e+01  -1.0 1.25e+01    -  1.09e-02 7.00e-02h  1
   3  4.1045080e+05 1.73e+01 3.27e+01  -1.0 1.25e+01    -  1.09e-02 7.00e-02h  1
   3  4.1045080e+05 1.73e+01 3.27e+01  -1.0 1.25e+01    -  1.09e-02 7.00e-02h  1
   3  4.1045080e+05 1.73e+01 3.27e+01  -1.0 1.25e+01    -  1.09e-02 7.00e-02h  1
   3  4.1045080e+05 1.73e+01 3.27e+01  -1.0 1.25e+01    -  1.09e-02 7.00e-02h  1
   3  4.1045080e+05 1.73e+01 3.27e+01  -1.0 1.25e+01    -  1.09e-02 7.00e-02h  1
   3  4.1045080e+05 1.73e+01 3.27e+01  -1.0 1.25e+01    -  1.09e-02 7.00e-02h  1
   3  4.1045080e+05 1.73e+01 3.27e+01  -1.0 1.25e+01    -  1.09e-02 7.00e-02h  1
   3  4.1045080e+05 1.73e+01 3.27e+01  -1.0 1.25e+01    -  1.09e-02 7.00e-02h  1
   3  4.1045080e+05 1.73e+01 3.27e+01  -1.0 1.25e+01    -  1.09e-02 7.00e-02h  1
   3  4.1045080e+05 1.73e+01 3.27e+01  -1.0 1.25e+01    -  1.09e-02 7.00e-02h  1
   3  4.1045080e+05 1.73e+01 3.27e+01  -1.0 1.25e+01    -  1.09e-02 7.00e-02h  1
   3  4.1045080e+05 1.73e+01 3.27e+01  -1.0 1.25e+01    -  1.09e-02 7.00e-02h  1
   3  4.1045080e+05 1.73e+01 3.27e+01  -1.0 1.25e+01    -  1.09e-02 7.00e-02h  1   3  4.1045080e+05 1.73e+01 3.27e+01  -1.0 1.25e+01    -  1.09e-02 7.00e-02h  1
   3  4.1045080e+05 1.73e+01 3.27e+01  -1.0 1.25e+01    -  1.09e-02 7.00e-02h  1
   3  4.1045080e+05 1.73e+01 3.27e+01  -1.0 1.25e+01    -  1.09e-02 7.00e-02h  1

   3  4.1045080e+05 1.73e+01 3.27e+01  -1.0 1.25e+01    -  1.09e-02 7.00e-02h  1
   3  4.1045080e+05 1.73e+01 3.27e+01  -1.0 1.25e+01    -  1.09e-02 7.00e-02h  1
   3  4.1045080e+05 1.73e+01 3.27e+01  -1.0 1.25e+01    -  1.09e-02 7.00e-02h  1
   3  4.1045080e+05 1.73e+01 3.27e+01  -1.0 1.25e+01    -  1.09e-02 7.00e-02h  1
   4  4.1151327e+05 1.64e+01 3.27e+01  -1.0 2.64e+01    -  3.42e-02 5.22e-02h  1   4  4.1151327e+05 1.64e+01 3.27e+01  -1.0 2.64e+01    -  3.42e-02 5.22e-02h  1   4  4.1151327e+05 1.64e+01 3.27e+01  -1.0 2.64e+01    -  3.42e-02 5.22e-02h  1
   4  4.1151327e+05 1.64e+01 3.27e+01  -1.0 2.64e+01    -  3.42e-02 5.22e-02h  1

   4  4.1151327e+05 1.64e+01 3.27e+01  -1.0 2.64e+01    -  3.42e-02 5.22e-02h  1

   4  4.1151327e+05 1.64e+01 3.27e+01  -1.0 2.64e+01    -  3.42e-02 5.22e-02h  1
   4  4.1151327e+05 1.64e+01 3.27e+01  -1.0 2.64e+01    -  3.42e-02 5.22e-02h  1
   4  4.1151327e+05 1.64e+01 3.27e+01  -1.0 2.64e+01    -  3.42e-02 5.22e-02h  1
   4  4.1151327e+05 1.64e+01 3.27e+01  -1.0 2.64e+01    -  3.42e-02 5.22e-02h  1
   4  4.1151327e+05 1.64e+01 3.27e+01  -1.0 2.64e+01    -  3.42e-02 5.22e-02h  1
   4  4.1151327e+05 1.64e+01 3.27e+01  -1.0 2.64e+01    -  3.42e-02 5.22e-02h  1
   4  4.1151327e+05 1.64e+01 3.27e+01  -1.0 2.64e+01    -  3.42e-02 5.22e-02h  1
   4  4.1151327e+05 1.64e+01 3.27e+01  -1.0 2.64e+01    -  3.42e-02 5.22e-02h  1
   4  4.1151327e+05 1.64e+01 3.27e+01  -1.0 2.64e+01    -  3.42e-02 5.22e-02h  1
   4  4.1151327e+05 1.64e+01 3.27e+01  -1.0 2.64e+01    -  3.42e-02 5.22e-02h  1
   4  4.1151327e+05 1.64e+01 3.27e+01  -1.0 2.64e+01    -  3.42e-02 5.22e-02h  1   4  4.1151327e+05 1.64e+01 3.27e+01  -1.0 2.64e+01    -  3.42e-02 5.22e-02h  1
   4  4.1151327e+05 1.64e+01 3.27e+01  -1.0 2.64e+01    -  3.42e-02 5.22e-02h  1
   4  4.1151327e+05 1.64e+01 3.27e+01  -1.0 2.64e+01    -  3.42e-02 5.22e-02h  1
   4  4.1151327e+05 1.64e+01 3.27e+01  -1.0 2.64e+01    -  3.42e-02 5.22e-02h  1
   4  4.1151327e+05 1.64e+01 3.27e+01  -1.0 2.64e+01    -  3.42e-02 5.22e-02h  1

   4  4.1151327e+05 1.64e+01 3.27e+01  -1.0 2.64e+01    -  3.42e-02 5.22e-02h  1
   4  4.1151327e+05 1.64e+01 3.27e+01  -1.0 2.64e+01    -  3.42e-02 5.22e-02h  1
   4  4.1151327e+05 1.64e+01 3.27e+01  -1.0 2.64e+01    -  3.42e-02 5.22e-02h  1
   4  4.1151327e+05 1.64e+01 3.27e+01  -1.0 2.64e+01    -  3.42e-02 5.22e-02h  1
   4  4.1151327e+05 1.64e+01 3.27e+01  -1.0 2.64e+01    -  3.42e-02 5.22e-02h  1
   4  4.1151327e+05 1.64e+01 3.27e+01  -1.0 2.64e+01    -  3.42e-02 5.22e-02h  1
   4  4.1151327e+05 1.64e+01 3.27e+01  -1.0 2.64e+01    -  3.42e-02 5.22e-02h  1
   4  4.1151327e+05 1.64e+01 3.27e+01  -1.0 2.64e+01    -  3.42e-02 5.22e-02h  1
   4  4.1151327e+05 1.64e+01 3.27e+01  -1.0 2.64e+01    -  3.42e-02 5.22e-02h  1
   5  4.1417631e+05 1.43e+01 3.55e+01  -1.0 3.62e+01    -  5.04e-02 1.28e-01h  1
   5  4.1417631e+05 1.43e+01 3.55e+01  -1.0 3.62e+01    -  5.04e-02 1.28e-01h  1
   5  4.1417631e+05 1.43e+01 3.55e+01  -1.0 3.62e+01    -  5.04e-02 1.28e-01h  1
   5  4.1417631e+05 1.43e+01 3.55e+01  -1.0 3.62e+01    -  5.04e-02 1.28e-01h  1
   5  4.1417631e+05 1.43e+01 3.55e+01  -1.0 3.62e+01    -  5.04e-02 1.28e-01h  1
   5  4.1417631e+05 1.43e+01 3.55e+01  -1.0 3.62e+01    -  5.04e-02 1.28e-01h  1
   5  4.1417631e+05 1.43e+01 3.55e+01  -1.0 3.62e+01    -  5.04e-02 1.28e-01h  1
   5  4.1417631e+05 1.43e+01 3.55e+01  -1.0 3.62e+01    -  5.04e-02 1.28e-01h  1
   5  4.1417631e+05 1.43e+01 3.55e+01  -1.0 3.62e+01    -  5.04e-02 1.28e-01h  1
   5  4.1417631e+05 1.43e+01 3.55e+01  -1.0 3.62e+01    -  5.04e-02 1.28e-01h  1
   5  4.1417631e+05 1.43e+01 3.55e+01  -1.0 3.62e+01    -  5.04e-02 1.28e-01h  1
   5  4.1417631e+05 1.43e+01 3.55e+01  -1.0 3.62e+01    -  5.04e-02 1.28e-01h  1
   5  4.1417631e+05 1.43e+01 3.55e+01  -1.0 3.62e+01    -  5.04e-02 1.28e-01h  1
   5  4.1417631e+05 1.43e+01 3.55e+01  -1.0 3.62e+01    -  5.04e-02 1.28e-01h  1
   5  4.1417631e+05 1.43e+01 3.55e+01  -1.0 3.62e+01    -  5.04e-02 1.28e-01h  1
   5  4.1417631e+05 1.43e+01 3.55e+01  -1.0 3.62e+01    -  5.04e-02 1.28e-01h  1
   5  4.1417631e+05 1.43e+01 3.55e+01  -1.0 3.62e+01    -  5.04e-02 1.28e-01h  1
   5  4.1417631e+05 1.43e+01 3.55e+01  -1.0 3.62e+01    -  5.04e-02 1.28e-01h  1
   5  4.1417631e+05 1.43e+01 3.55e+01  -1.0 3.62e+01    -  5.04e-02 1.28e-01h  1
   5  4.1417631e+05 1.43e+01 3.55e+01  -1.0 3.62e+01    -  5.04e-02 1.28e-01h  1
   5  4.1417631e+05 1.43e+01 3.55e+01  -1.0 3.62e+01    -  5.04e-02 1.28e-01h  1
   5  4.1417631e+05 1.43e+01 3.55e+01  -1.0 3.62e+01    -  5.04e-02 1.28e-01h  1
   5  4.1417631e+05 1.43e+01 3.55e+01  -1.0 3.62e+01    -  5.04e-02 1.28e-01h  1
   5  4.1417631e+05 1.43e+01 3.55e+01  -1.0 3.62e+01    -  5.04e-02 1.28e-01h  1
   5  4.1417631e+05 1.43e+01 3.55e+01  -1.0 3.62e+01    -  5.04e-02 1.28e-01h  1
   5  4.1417631e+05 1.43e+01 3.55e+01  -1.0 3.62e+01    -  5.04e-02 1.28e-01h  1
   5  4.1417631e+05 1.43e+01 3.55e+01  -1.0 3.62e+01    -  5.04e-02 1.28e-01h  1
   5  4.1417631e+05 1.43e+01 3.55e+01  -1.0 3.62e+01    -  5.04e-02 1.28e-01h  1
   5  4.1417631e+05 1.43e+01 3.55e+01  -1.0 3.62e+01    -  5.04e-02 1.28e-01h  1
   5  4.1417631e+05 1.43e+01 3.55e+01  -1.0 3.62e+01    -  5.04e-02 1.28e-01h  1
   6  4.1738814e+05 1.21e+01 6.73e+01  -1.0 5.35e+01    -  5.76e-02 1.54e-01h  1
   6  4.1738814e+05 1.21e+01 6.73e+01  -1.0 5.35e+01    -  5.76e-02 1.54e-01h  1
   6  4.1738814e+05 1.21e+01 6.73e+01  -1.0 5.35e+01    -  5.76e-02 1.54e-01h  1
   6  4.1738814e+05 1.21e+01 6.73e+01  -1.0 5.35e+01    -  5.76e-02 1.54e-01h  1
   6  4.1738814e+05 1.21e+01 6.73e+01  -1.0 5.35e+01    -  5.76e-02 1.54e-01h  1
   6  4.1738814e+05 1.21e+01 6.73e+01  -1.0 5.35e+01    -  5.76e-02 1.54e-01h  1
   6  4.1738814e+05 1.21e+01 6.73e+01  -1.0 5.35e+01    -  5.76e-02 1.54e-01h  1
   6  4.1738814e+05 1.21e+01 6.73e+01  -1.0 5.35e+01    -  5.76e-02 1.54e-01h  1
   6  4.1738814e+05 1.21e+01 6.73e+01  -1.0 5.35e+01    -  5.76e-02 1.54e-01h  1   6  4.1738814e+05 1.21e+01 6.73e+01  -1.0 5.35e+01    -  5.76e-02 1.54e-01h  1
   6  4.1738814e+05 1.21e+01 6.73e+01  -1.0 5.35e+01    -  5.76e-02 1.54e-01h  1   6  4.1738814e+05 1.21e+01 6.73e+01  -1.0 5.35e+01    -  5.76e-02 1.54e-01h  1
   6  4.1738814e+05 1.21e+01 6.73e+01  -1.0 5.35e+01    -  5.76e-02 1.54e-01h  1
   6  4.1738814e+05 1.21e+01 6.73e+01  -1.0 5.35e+01    -  5.76e-02 1.54e-01h  1
   6  4.1738814e+05 1.21e+01 6.73e+01  -1.0 5.35e+01    -  5.76e-02 1.54e-01h  1
   6  4.1738814e+05 1.21e+01 6.73e+01  -1.0 5.35e+01    -  5.76e-02 1.54e-01h  1

   6  4.1738814e+05 1.21e+01 6.73e+01  -1.0 5.35e+01    -  5.76e-02 1.54e-01h  1
   6  4.1738814e+05 1.21e+01 6.73e+01  -1.0 5.35e+01    -  5.76e-02 1.54e-01h  1
   6  4.1738814e+05 1.21e+01 6.73e+01  -1.0 5.35e+01    -  5.76e-02 1.54e-01h  1
   6  4.1738814e+05 1.21e+01 6.73e+01  -1.0 5.35e+01    -  5.76e-02 1.54e-01h  1
   6  4.1738814e+05 1.21e+01 6.73e+01  -1.0 5.35e+01    -  5.76e-02 1.54e-01h  1

   6  4.1738814e+05 1.21e+01 6.73e+01  -1.0 5.35e+01    -  5.76e-02 1.54e-01h  1
   6  4.1738814e+05 1.21e+01 6.73e+01  -1.0 5.35e+01    -  5.76e-02 1.54e-01h  1
   6  4.1738814e+05 1.21e+01 6.73e+01  -1.0 5.35e+01    -  5.76e-02 1.54e-01h  1
   6  4.1738814e+05 1.21e+01 6.73e+01  -1.0 5.35e+01    -  5.76e-02 1.54e-01h  1
   6  4.1738814e+05 1.21e+01 6.73e+01  -1.0 5.35e+01    -  5.76e-02 1.54e-01h  1
   6  4.1738814e+05 1.21e+01 6.73e+01  -1.0 5.35e+01    -  5.76e-02 1.54e-01h  1
   6  4.1738814e+05 1.21e+01 6.73e+01  -1.0 5.35e+01    -  5.76e-02 1.54e-01h  1
   6  4.1738814e+05 1.21e+01 6.73e+01  -1.0 5.35e+01    -  5.76e-02 1.54e-01h  1
   6  4.1738814e+05 1.21e+01 6.73e+01  -1.0 5.35e+01    -  5.76e-02 1.54e-01h  1
   7  4.2012580e+05 1.04e+01 4.37e+01  -1.0 6.45e+01    -  1.78e-01 1.39e-01h  1   7  4.2012580e+05 1.04e+01 4.37e+01  -1.0 6.45e+01    -  1.78e-01 1.39e-01h  1
   7  4.2012580e+05 1.04e+01 4.37e+01  -1.0 6.45e+01    -  1.78e-01 1.39e-01h  1
   7  4.2012580e+05 1.04e+01 4.37e+01  -1.0 6.45e+01    -  1.78e-01 1.39e-01h  1
   7  4.2012580e+05 1.04e+01 4.37e+01  -1.0 6.45e+01    -  1.78e-01 1.39e-01h  1
   7  4.2012580e+05 1.04e+01 4.37e+01  -1.0 6.45e+01    -  1.78e-01 1.39e-01h  1
   7  4.2012580e+05 1.04e+01 4.37e+01  -1.0 6.45e+01    -  1.78e-01 1.39e-01h  1

   7  4.2012580e+05 1.04e+01 4.37e+01  -1.0 6.45e+01    -  1.78e-01 1.39e-01h  1
   7  4.2012580e+05 1.04e+01 4.37e+01  -1.0 6.45e+01    -  1.78e-01 1.39e-01h  1
   7  4.2012580e+05 1.04e+01 4.37e+01  -1.0 6.45e+01    -  1.78e-01 1.39e-01h  1   7  4.2012580e+05 1.04e+01 4.37e+01  -1.0 6.45e+01    -  1.78e-01 1.39e-01h  1   7  4.2012580e+05 1.04e+01 4.37e+01  -1.0 6.45e+01    -  1.78e-01 1.39e-01h  1
   7  4.2012580e+05 1.04e+01 4.37e+01  -1.0 6.45e+01    -  1.78e-01 1.39e-01h  1
   7  4.2012580e+05 1.04e+01 4.37e+01  -1.0 6.45e+01    -  1.78e-01 1.39e-01h  1
   7  4.2012580e+05 1.04e+01 4.37e+01  -1.0 6.45e+01    -  1.78e-01 1.39e-01h  1


   7  4.2012580e+05 1.04e+01 4.37e+01  -1.0 6.45e+01    -  1.78e-01 1.39e-01h  1
   7  4.2012580e+05 1.04e+01 4.37e+01  -1.0 6.45e+01    -  1.78e-01 1.39e-01h  1
   7  4.2012580e+05 1.04e+01 4.37e+01  -1.0 6.45e+01    -  1.78e-01 1.39e-01h  1
   7  4.2012580e+05 1.04e+01 4.37e+01  -1.0 6.45e+01    -  1.78e-01 1.39e-01h  1
   7  4.2012580e+05 1.04e+01 4.37e+01  -1.0 6.45e+01    -  1.78e-01 1.39e-01h  1
   7  4.2012580e+05 1.04e+01 4.37e+01  -1.0 6.45e+01    -  1.78e-01 1.39e-01h  1
   7  4.2012580e+05 1.04e+01 4.37e+01  -1.0 6.45e+01    -  1.78e-01 1.39e-01h  1
   7  4.2012580e+05 1.04e+01 4.37e+01  -1.0 6.45e+01    -  1.78e-01 1.39e-01h  1
   7  4.2012580e+05 1.04e+01 4.37e+01  -1.0 6.45e+01    -  1.78e-01 1.39e-01h  1
   7  4.2012580e+05 1.04e+01 4.37e+01  -1.0 6.45e+01    -  1.78e-01 1.39e-01h  1
   7  4.2012580e+05 1.04e+01 4.37e+01  -1.0 6.45e+01    -  1.78e-01 1.39e-01h  1
   7  4.2012580e+05 1.04e+01 4.37e+01  -1.0 6.45e+01    -  1.78e-01 1.39e-01h  1
   7  4.2012580e+05 1.04e+01 4.37e+01  -1.0 6.45e+01    -  1.78e-01 1.39e-01h  1
   7  4.2012580e+05 1.04e+01 4.37e+01  -1.0 6.45e+01    -  1.78e-01 1.39e-01h  1
   7  4.2012580e+05 1.04e+01 4.37e+01  -1.0 6.45e+01    -  1.78e-01 1.39e-01h  1
   8  4.2285808e+05 8.86e+00 5.13e+01  -1.0 7.16e+01    -  3.02e-01 1.49e-01h  1
   8  4.2285808e+05 8.86e+00 5.13e+01  -1.0 7.16e+01    -  3.02e-01 1.49e-01h  1
   8  4.2285808e+05 8.86e+00 5.13e+01  -1.0 7.16e+01    -  3.02e-01 1.49e-01h  1
   8  4.2285808e+05 8.86e+00 5.13e+01  -1.0 7.16e+01    -  3.02e-01 1.49e-01h  1
   8  4.2285808e+05 8.86e+00 5.13e+01  -1.0 7.16e+01    -  3.02e-01 1.49e-01h  1
   8  4.2285808e+05 8.86e+00 5.13e+01  -1.0 7.16e+01    -  3.02e-01 1.49e-01h  1
   8  4.2285808e+05 8.86e+00 5.13e+01  -1.0 7.16e+01    -  3.02e-01 1.49e-01h  1   8  4.2285808e+05 8.86e+00 5.13e+01  -1.0 7.16e+01    -  3.02e-01 1.49e-01h  1
   8  4.2285808e+05 8.86e+00 5.13e+01  -1.0 7.16e+01    -  3.02e-01 1.49e-01h  1

   8  4.2285808e+05 8.86e+00 5.13e+01  -1.0 7.16e+01    -  3.02e-01 1.49e-01h  1
   8  4.2285808e+05 8.86e+00 5.13e+01  -1.0 7.16e+01    -  3.02e-01 1.49e-01h  1
   8  4.2285808e+05 8.86e+00 5.13e+01  -1.0 7.16e+01    -  3.02e-01 1.49e-01h  1
   8  4.2285808e+05 8.86e+00 5.13e+01  -1.0 7.16e+01    -  3.02e-01 1.49e-01h  1   8  4.2285808e+05 8.86e+00 5.13e+01  -1.0 7.16e+01    -  3.02e-01 1.49e-01h  1
   8  4.2285808e+05 8.86e+00 5.13e+01  -1.0 7.16e+01    -  3.02e-01 1.49e-01h  1   8  4.2285808e+05 8.86e+00 5.13e+01  -1.0 7.16e+01    -  3.02e-01 1.49e-01h  1
   8  4.2285808e+05 8.86e+00 5.13e+01  -1.0 7.16e+01    -  3.02e-01 1.49e-01h  1
   8  4.2285808e+05 8.86e+00 5.13e+01  -1.0 7.16e+01    -  3.02e-01 1.49e-01h  1

   8  4.2285808e+05 8.86e+00 5.13e+01  -1.0 7.16e+01    -  3.02e-01 1.49e-01h  1
   8  4.2285808e+05 8.86e+00 5.13e+01  -1.0 7.16e+01    -  3.02e-01 1.49e-01h  1

   8  4.2285808e+05 8.86e+00 5.13e+01  -1.0 7.16e+01    -  3.02e-01 1.49e-01h  1
   8  4.2285808e+05 8.86e+00 5.13e+01  -1.0 7.16e+01    -  3.02e-01 1.49e-01h  1
   8  4.2285808e+05 8.86e+00 5.13e+01  -1.0 7.16e+01    -  3.02e-01 1.49e-01h  1
   8  4.2285808e+05 8.86e+00 5.13e+01  -1.0 7.16e+01    -  3.02e-01 1.49e-01h  1
   8  4.2285808e+05 8.86e+00 5.13e+01  -1.0 7.16e+01    -  3.02e-01 1.49e-01h  1
   8  4.2285808e+05 8.86e+00 5.13e+01  -1.0 7.16e+01    -  3.02e-01 1.49e-01h  1
   8  4.2285808e+05 8.86e+00 5.13e+01  -1.0 7.16e+01    -  3.02e-01 1.49e-01h  1
   8  4.2285808e+05 8.86e+00 5.13e+01  -1.0 7.16e+01    -  3.02e-01 1.49e-01h  1
   8  4.2285808e+05 8.86e+00 5.13e+01  -1.0 7.16e+01    -  3.02e-01 1.49e-01h  1
   8  4.2285808e+05 8.86e+00 5.13e+01  -1.0 7.16e+01    -  3.02e-01 1.49e-01h  1
   9  4.2493491e+05 7.76e+00 3.17e+02  -1.0 7.59e+01    -  4.47e-01 1.25e-01h  1   9  4.2493491e+05 7.76e+00 3.17e+02  -1.0 7.59e+01    -  4.47e-01 1.25e-01h  1   9  4.2493491e+05 7.76e+00 3.17e+02  -1.0 7.59e+01    -  4.47e-01 1.25e-01h  1

   9  4.2493491e+05 7.76e+00 3.17e+02  -1.0 7.59e+01    -  4.47e-01 1.25e-01h  1
   9  4.2493491e+05 7.76e+00 3.17e+02  -1.0 7.59e+01    -  4.47e-01 1.25e-01h  1
   9  4.2493491e+05 7.76e+00 3.17e+02  -1.0 7.59e+01    -  4.47e-01 1.25e-01h  1

   9  4.2493491e+05 7.76e+00 3.17e+02  -1.0 7.59e+01    -  4.47e-01 1.25e-01h  1
   9  4.2493491e+05 7.76e+00 3.17e+02  -1.0 7.59e+01    -  4.47e-01 1.25e-01h  1
   9  4.2493491e+05 7.76e+00 3.17e+02  -1.0 7.59e+01    -  4.47e-01 1.25e-01h  1
   9  4.2493491e+05 7.76e+00 3.17e+02  -1.0 7.59e+01    -  4.47e-01 1.25e-01h  1
   9  4.2493491e+05 7.76e+00 3.17e+02  -1.0 7.59e+01    -  4.47e-01 1.25e-01h  1
   9  4.2493491e+05 7.76e+00 3.17e+02  -1.0 7.59e+01    -  4.47e-01 1.25e-01h  1
   9  4.2493491e+05 7.76e+00 3.17e+02  -1.0 7.59e+01    -  4.47e-01 1.25e-01h  1
   9  4.2493491e+05 7.76e+00 3.17e+02  -1.0 7.59e+01    -  4.47e-01 1.25e-01h  1
   9  4.2493491e+05 7.76e+00 3.17e+02  -1.0 7.59e+01    -  4.47e-01 1.25e-01h  1
   9  4.2493491e+05 7.76e+00 3.17e+02  -1.0 7.59e+01    -  4.47e-01 1.25e-01h  1
   9  4.2493491e+05 7.76e+00 3.17e+02  -1.0 7.59e+01    -  4.47e-01 1.25e-01h  1
   9  4.2493491e+05 7.76e+00 3.17e+02  -1.0 7.59e+01    -  4.47e-01 1.25e-01h  1
   9  4.2493491e+05 7.76e+00 3.17e+02  -1.0 7.59e+01    -  4.47e-01 1.25e-01h  1
   9  4.2493491e+05 7.76e+00 3.17e+02  -1.0 7.59e+01    -  4.47e-01 1.25e-01h  1
   9  4.2493491e+05 7.76e+00 3.17e+02  -1.0 7.59e+01    -  4.47e-01 1.25e-01h  1
   9  4.2493491e+05 7.76e+00 3.17e+02  -1.0 7.59e+01    -  4.47e-01 1.25e-01h  1
   9  4.2493491e+05 7.76e+00 3.17e+02  -1.0 7.59e+01    -  4.47e-01 1.25e-01h  1
   9  4.2493491e+05 7.76e+00 3.17e+02  -1.0 7.59e+01    -  4.47e-01 1.25e-01h  1
   9  4.2493491e+05 7.76e+00 3.17e+02  -1.0 7.59e+01    -  4.47e-01 1.25e-01h  1
   9  4.2493491e+05 7.76e+00 3.17e+02  -1.0 7.59e+01    -  4.47e-01 1.25e-01h  1
   9  4.2493491e+05 7.76e+00 3.17e+02  -1.0 7.59e+01    -  4.47e-01 1.25e-01h  1
   9  4.2493491e+05 7.76e+00 3.17e+02  -1.0 7.59e+01    -  4.47e-01 1.25e-01h  1
   9  4.2493491e+05 7.76e+00 3.17e+02  -1.0 7.59e+01    -  4.47e-01 1.25e-01h  1
   9  4.2493491e+05 7.76e+00 3.17e+02  -1.0 7.59e+01    -  4.47e-01 1.25e-01h  1
iter    objective    inf_pr   inf_du lg(mu)  ||d||  lg(rg) alpha_du alpha_pr  ls
  10  4.2676222e+05 6.81e+00 4.23e+02  -1.0 7.84e+01    -  5.27e-01 1.22e-01h  1
iter    objective    inf_pr   inf_du lg(mu)  ||d||  lg(rg) alpha_du alpha_pr  ls
iter    objective    inf_pr   inf_du lg(mu)  ||d||  lg(rg) alpha_du alpha_pr  ls
  10  4.2676222e+05 6.81e+00 4.23e+02  -1.0 7.84e+01    -  5.27e-01 1.22e-01h  1
iter    objective    inf_pr   inf_du lg(mu)  ||d||  lg(rg) alpha_du alpha_pr  ls
  10  4.2676222e+05 6.81e+00 4.23e+02  -1.0 7.84e+01    -  5.27e-01 1.22e-01h  1
iter    objective    inf_pr   inf_du lg(mu)  ||d||  lg(rg) alpha_du alpha_pr  ls
  10  4.2676222e+05 6.81e+00 4.23e+02  -1.0 7.84e+01    -  5.27e-01 1.22e-01h  1
  10  4.2676222e+05 6.81e+00 4.23e+02  -1.0 7.84e+01    -  5.27e-01 1.22e-01h  1
iter    objective    inf_pr   inf_du lg(mu)  ||d||  lg(rg) alpha_du alpha_pr  ls
  10  4.2676222e+05 6.81e+00 4.23e+02  -1.0 7.84e+01    -  5.27e-01 1.22e-01h  1
iter    objective    inf_pr   inf_du lg(mu)  ||d||  lg(rg) alpha_du alpha_pr  ls
  10  4.2676222e+05 6.81e+00 4.23e+02  -1.0 7.84e+01    -  5.27e-01 1.22e-01h  1
iter    objective    inf_pr   inf_du lg(mu)  ||d||  lg(rg) alpha_du alpha_pr  ls
iter    objective    inf_pr   inf_du lg(mu)  ||d||  lg(rg) alpha_du alpha_pr  ls
  10  4.2676222e+05 6.81e+00 4.23e+02  -1.0 7.84e+01    -  5.27e-01 1.22e-01h  1
iter    objective    inf_pr   inf_du lg(mu)  ||d||  lg(rg) alpha_du alpha_pr  ls
  10  4.2676222e+05 6.81e+00 4.23e+02  -1.0 7.84e+01    -  5.27e-01 1.22e-01h  1
iter    objective    inf_pr   inf_du lg(mu)  ||d||  lg(rg) alpha_du alpha_pr  ls
  10  4.2676222e+05 6.81e+00 4.23e+02  -1.0 7.84e+01    -  5.27e-01 1.22e-01h  1
iter    objective    inf_pr   inf_du lg(mu)  ||d||  lg(rg) alpha_du alpha_pr  ls
  10  4.2676222e+05 6.81e+00 4.23e+02  -1.0 7.84e+01    -  5.27e-01 1.22e-01h  1
iter    objective    inf_pr   inf_du lg(mu)  ||d||  lg(rg) alpha_du alpha_pr  ls
  10  4.2676222e+05 6.81e+00 4.23e+02  -1.0 7.84e+01    -  5.27e-01 1.22e-01h  1
  10  4.2676222e+05 6.81e+00 4.23e+02  -1.0 7.84e+01    -  5.27e-01 1.22e-01h  1
iter    objective    inf_pr   inf_du lg(mu)  ||d||  lg(rg) alpha_du alpha_pr  ls
  10  4.2676222e+05 6.81e+00 4.23e+02  -1.0 7.84e+01    -  5.27e-01 1.22e-01h  1
iter    objective    inf_pr   inf_du lg(mu)  ||d||  lg(rg) alpha_du alpha_pr  ls
  10  4.2676222e+05 6.81e+00 4.23e+02  -1.0 7.84e+01    -  5.27e-01 1.22e-01h  1
iter    objective    inf_pr   inf_du lg(mu)  ||d||  lg(rg) alpha_du alpha_pr  ls
  10  4.2676222e+05 6.81e+00 4.23e+02  -1.0 7.84e+01    -  5.27e-01 1.22e-01h  1
iter    objective    inf_pr   inf_du lg(mu)  ||d||  lg(rg) alpha_du alpha_pr  ls
  10  4.2676222e+05 6.81e+00 4.23e+02  -1.0 7.84e+01    -  5.27e-01 1.22e-01h  1
iter    objective    inf_pr   inf_du lg(mu)  ||d||  lg(rg) alpha_du alpha_pr  ls
  10  4.2676222e+05 6.81e+00 4.23e+02  -1.0 7.84e+01    -  5.27e-01 1.22e-01h  1
iter    objective    inf_pr   inf_du lg(mu)  ||d||  lg(rg) alpha_du alpha_pr  ls
  10  4.2676222e+05 6.81e+00 4.23e+02  -1.0 7.84e+01    -  5.27e-01 1.22e-01h  1
iter    objective    inf_pr   inf_du lg(mu)  ||d||  lg(rg) alpha_du alpha_pr  ls
  10  4.2676222e+05 6.81e+00 4.23e+02  -1.0 7.84e+01    -  5.27e-01 1.22e-01h  1
iter    objective    inf_pr   inf_du lg(mu)  ||d||  lg(rg) alpha_du alpha_pr  ls
  10  4.2676222e+05 6.81e+00 4.23e+02  -1.0 7.84e+01    -  5.27e-01 1.22e-01h  1
iter    objective    inf_pr   inf_du lg(mu)  ||d||  lg(rg) alpha_du alpha_pr  ls
  10  4.2676222e+05 6.81e+00 4.23e+02  -1.0 7.84e+01    -  5.27e-01 1.22e-01h  1
iter    objective    inf_pr   inf_du lg(mu)  ||d||  lg(rg) alpha_du alpha_pr  ls
  10  4.2676222e+05 6.81e+00 4.23e+02  -1.0 7.84e+01    -  5.27e-01 1.22e-01h  1
iter    objective    inf_pr   inf_du lg(mu)  ||d||  lg(rg) alpha_du alpha_pr  ls
  10  4.2676222e+05 6.81e+00 4.23e+02  -1.0 7.84e+01    -  5.27e-01 1.22e-01h  1
iter    objective    inf_pr   inf_du lg(mu)  ||d||  lg(rg) alpha_du alpha_pr  ls
  10  4.2676222e+05 6.81e+00 4.23e+02  -1.0 7.84e+01    -  5.27e-01 1.22e-01h  1
iter    objective    inf_pr   inf_du lg(mu)  ||d||  lg(rg) alpha_du alpha_pr  ls
  10  4.2676222e+05 6.81e+00 4.23e+02  -1.0 7.84e+01    -  5.27e-01 1.22e-01h  1
iter    objective    inf_pr   inf_du lg(mu)  ||d||  lg(rg) alpha_du alpha_pr  ls
  10  4.2676222e+05 6.81e+00 4.23e+02  -1.0 7.84e+01    -  5.27e-01 1.22e-01h  1
iter    objective    inf_pr   inf_du lg(mu)  ||d||  lg(rg) alpha_du alpha_pr  ls
  10  4.2676222e+05 6.81e+00 4.23e+02  -1.0 7.84e+01    -  5.27e-01 1.22e-01h  1
iter    objective    inf_pr   inf_du lg(mu)  ||d||  lg(rg) alpha_du alpha_pr  ls
  10  4.2676222e+05 6.81e+00 4.23e+02  -1.0 7.84e+01    -  5.27e-01 1.22e-01h  1
iter    objective    inf_pr   inf_du lg(mu)  ||d||  lg(rg) alpha_du alpha_pr  ls
  10  4.2676222e+05 6.81e+00 4.23e+02  -1.0 7.84e+01    -  5.27e-01 1.22e-01h  1
  11  4.3033862e+05 5.01e+00 8.84e+02  -1.0 8.78e+01    -  6.10e-01 2.64e-01H  1
  11  4.3033862e+05 5.01e+00 8.84e+02  -1.0 8.78e+01    -  6.10e-01 2.64e-01H  1
  11  4.3033862e+05 5.01e+00 8.84e+02  -1.0 8.78e+01    -  6.10e-01 2.64e-01H  1
  11  4.3033862e+05 5.01e+00 8.84e+02  -1.0 8.78e+01    -  6.10e-01 2.64e-01H  1
  11  4.3033862e+05 5.01e+00 8.84e+02  -1.0 8.78e+01    -  6.10e-01 2.64e-01H  1
  11  4.3033862e+05 5.01e+00 8.84e+02  -1.0 8.78e+01    -  6.10e-01 2.64e-01H  1
  11  4.3033862e+05 5.01e+00 8.84e+02  -1.0 8.78e+01    -  6.10e-01 2.64e-01H  1
  11  4.3033862e+05 5.01e+00 8.84e+02  -1.0 8.78e+01    -  6.10e-01 2.64e-01H  1
  11  4.3033862e+05 5.01e+00 8.84e+02  -1.0 8.78e+01    -  6.10e-01 2.64e-01H  1
  11  4.3033862e+05 5.01e+00 8.84e+02  -1.0 8.78e+01    -  6.10e-01 2.64e-01H  1
  11  4.3033862e+05 5.01e+00 8.84e+02  -1.0 8.78e+01    -  6.10e-01 2.64e-01H  1
  11  4.3033862e+05 5.01e+00 8.84e+02  -1.0 8.78e+01    -  6.10e-01 2.64e-01H  1
  11  4.3033862e+05 5.01e+00 8.84e+02  -1.0 8.78e+01    -  6.10e-01 2.64e-01H  1
  11  4.3033862e+05 5.01e+00 8.84e+02  -1.0 8.78e+01    -  6.10e-01 2.64e-01H  1
  11  4.3033862e+05 5.01e+00 8.84e+02  -1.0 8.78e+01    -  6.10e-01 2.64e-01H  1
  11  4.3033862e+05 5.01e+00 8.84e+02  -1.0 8.78e+01    -  6.10e-01 2.64e-01H  1
  11  4.3033862e+05 5.01e+00 8.84e+02  -1.0 8.78e+01    -  6.10e-01 2.64e-01H  1
  11  4.3033862e+05 5.01e+00 8.84e+02  -1.0 8.78e+01    -  6.10e-01 2.64e-01H  1
  11  4.3033862e+05 5.01e+00 8.84e+02  -1.0 8.78e+01    -  6.10e-01 2.64e-01H  1
  11  4.3033862e+05 5.01e+00 8.84e+02  -1.0 8.78e+01    -  6.10e-01 2.64e-01H  1
  11  4.3033862e+05 5.01e+00 8.84e+02  -1.0 8.78e+01    -  6.10e-01 2.64e-01H  1  11  4.3033862e+05 5.01e+00 8.84e+02  -1.0 8.78e+01    -  6.10e-01 2.64e-01H  1

  11  4.3033862e+05 5.01e+00 8.84e+02  -1.0 8.78e+01    -  6.10e-01 2.64e-01H  1
  11  4.3033862e+05 5.01e+00 8.84e+02  -1.0 8.78e+01    -  6.10e-01 2.64e-01H  1
  11  4.3033862e+05 5.01e+00 8.84e+02  -1.0 8.78e+01    -  6.10e-01 2.64e-01H  1
  11  4.3033862e+05 5.01e+00 8.84e+02  -1.0 8.78e+01    -  6.10e-01 2.64e-01H  1
  11  4.3033862e+05 5.01e+00 8.84e+02  -1.0 8.78e+01    -  6.10e-01 2.64e-01H  1
  11  4.3033862e+05 5.01e+00 8.84e+02  -1.0 8.78e+01    -  6.10e-01 2.64e-01H  1
  11  4.3033862e+05 5.01e+00 8.84e+02  -1.0 8.78e+01    -  6.10e-01 2.64e-01H  1
  11  4.3033862e+05 5.01e+00 8.84e+02  -1.0 8.78e+01    -  6.10e-01 2.64e-01H  1
